PETS Dataset: OPTIM BED with No Obj Limitation

Before View Dataset Examples
Removed wrong images: 0
Removed due to overlapping: 0
More than 3: 0
Starting script

Device: cuda
Learning Rate: 0.0005
Weight Decay: 0.0001
Batch Size: 64
IMG DIMS: (224, 224)
W: 224
H: 224
SX: 7
SY: 7
B: 2
C: 2

Confidence Threshold: 0.2
IOU mAP Threshold: 0.5
IOU NMS Threshold: 0.3

Using OPTIM BED 224x224
Model shape is torch.Size([4, 7, 7, 12])
BED Model Arquitecture
OPTIM_BED(
  (model): Sequential(
    (0): Conv2d(3, 64, kernel_size=(3, 3), stride=(1, 1), padding=(1, 1), bias=False)
    (1): BatchNorm2d(64, eps=1e-05, momentum=0.1, affine=False, track_running_stats=True)
    (2): ReLU()
    (3): Dropout2d(p=0.5, inplace=False)
    (4): MaxPool2d(kernel_size=2, stride=2, padding=0, dilation=1, ceil_mode=False)
    (5): Conv2d(64, 24, kernel_size=(3, 3), stride=(1, 1), padding=(1, 1), bias=False)
    (6): BatchNorm2d(24, eps=1e-05, momentum=0.1, affine=False, track_running_stats=True)
    (7): ReLU()
    (8): Dropout2d(p=0.5, inplace=False)
    (9): MaxPool2d(kernel_size=2, stride=2, padding=0, dilation=1, ceil_mode=False)
    (10): Conv2d(24, 16, kernel_size=(1, 1), stride=(1, 1), bias=False)
    (11): BatchNorm2d(16, eps=1e-05, momentum=0.1, affine=False, track_running_stats=True)
    (12): ReLU()
    (13): Conv2d(16, 32, kernel_size=(3, 3), stride=(1, 1), padding=(1, 1), bias=False)
    (14): BatchNorm2d(32, eps=1e-05, momentum=0.1, affine=False, track_running_stats=True)
    (15): ReLU()
    (16): Conv2d(32, 32, kernel_size=(1, 1), stride=(1, 1), bias=False)
    (17): BatchNorm2d(32, eps=1e-05, momentum=0.1, affine=False, track_running_stats=True)
    (18): ReLU()
    (19): Conv2d(32, 64, kernel_size=(3, 3), stride=(1, 1), padding=(1, 1), bias=False)
    (20): BatchNorm2d(64, eps=1e-05, momentum=0.1, affine=False, track_running_stats=True)
    (21): ReLU()
    (22): MaxPool2d(kernel_size=2, stride=2, padding=0, dilation=1, ceil_mode=False)
    (23): Conv2d(64, 32, kernel_size=(1, 1), stride=(1, 1), bias=False)
    (24): BatchNorm2d(32, eps=1e-05, momentum=0.1, affine=False, track_running_stats=True)
    (25): ReLU()
    (26): Conv2d(32, 64, kernel_size=(3, 3), stride=(1, 1), padding=(1, 1), bias=False)
    (27): BatchNorm2d(64, eps=1e-05, momentum=0.1, affine=False, track_running_stats=True)
    (28): ReLU()
    (29): Conv2d(64, 32, kernel_size=(1, 1), stride=(1, 1), bias=False)
    (30): BatchNorm2d(32, eps=1e-05, momentum=0.1, affine=False, track_running_stats=True)
    (31): ReLU()
    (32): Conv2d(32, 64, kernel_size=(3, 3), stride=(1, 1), padding=(1, 1), bias=False)
    (33): BatchNorm2d(64, eps=1e-05, momentum=0.1, affine=False, track_running_stats=True)
    (34): ReLU()
    (35): Conv2d(64, 32, kernel_size=(1, 1), stride=(1, 1), bias=False)
    (36): BatchNorm2d(32, eps=1e-05, momentum=0.1, affine=False, track_running_stats=True)
    (37): ReLU()
    (38): Conv2d(32, 64, kernel_size=(3, 3), stride=(1, 1), padding=(1, 1), bias=False)
    (39): BatchNorm2d(64, eps=1e-05, momentum=0.1, affine=False, track_running_stats=True)
    (40): ReLU()
    (41): MaxPool2d(kernel_size=2, stride=2, padding=0, dilation=1, ceil_mode=False)
    (42): Conv2d(64, 32, kernel_size=(1, 1), stride=(1, 1), bias=False)
    (43): BatchNorm2d(32, eps=1e-05, momentum=0.1, affine=False, track_running_stats=True)
    (44): ReLU()
    (45): Conv2d(32, 64, kernel_size=(3, 3), stride=(1, 1), padding=(1, 1), bias=False)
    (46): BatchNorm2d(64, eps=1e-05, momentum=0.1, affine=False, track_running_stats=True)
    (47): ReLU()
    (48): Conv2d(64, 32, kernel_size=(1, 1), stride=(1, 1), bias=False)
    (49): BatchNorm2d(32, eps=1e-05, momentum=0.1, affine=False, track_running_stats=True)
    (50): ReLU()
    (51): Conv2d(32, 64, kernel_size=(3, 3), stride=(1, 1), padding=(1, 1), bias=False)
    (52): BatchNorm2d(64, eps=1e-05, momentum=0.1, affine=False, track_running_stats=True)
    (53): ReLU()
    (54): Conv2d(64, 64, kernel_size=(3, 3), stride=(1, 1), padding=(1, 1), bias=False)
    (55): BatchNorm2d(64, eps=1e-05, momentum=0.1, affine=False, track_running_stats=True)
    (56): ReLU()
    (57): Conv2d(64, 64, kernel_size=(3, 3), stride=(1, 1), padding=(1, 1), bias=False)
    (58): BatchNorm2d(64, eps=1e-05, momentum=0.1, affine=False, track_running_stats=True)
    (59): ReLU()
    (60): MaxPool2d(kernel_size=2, stride=2, padding=0, dilation=1, ceil_mode=False)
    (61): Conv2d(64, 128, kernel_size=(3, 3), stride=(1, 1), padding=(1, 1), bias=False)
    (62): BatchNorm2d(128, eps=1e-05, momentum=0.1, affine=False, track_running_stats=True)
    (63): ReLU()
    (64): Conv2d(128, 128, kernel_size=(3, 3), stride=(1, 1), padding=(1, 1), bias=False)
    (65): BatchNorm2d(128, eps=1e-05, momentum=0.1, affine=False, track_running_stats=True)
    (66): ReLU()
    (67): Conv2d(128, 128, kernel_size=(1, 1), stride=(1, 1), bias=False)
    (68): BatchNorm2d(128, eps=1e-05, momentum=0.1, affine=False, track_running_stats=True)
    (69): ReLU()
    (70): Conv2d(128, 64, kernel_size=(1, 1), stride=(1, 1), bias=False)
    (71): BatchNorm2d(64, eps=1e-05, momentum=0.1, affine=False, track_running_stats=True)
    (72): ReLU()
    (73): Conv2d(64, 16, kernel_size=(1, 1), stride=(1, 1), bias=False)
    (74): BatchNorm2d(16, eps=1e-05, momentum=0.1, affine=False, track_running_stats=True)
    (75): ReLU()
    (76): Conv2d(16, 12, kernel_size=(1, 1), stride=(1, 1), bias=False)
  )
)

Trainable parameters = 463104
Total parameters = 463104

Using YoloLoss_2BBox
L1 regularization: 0.001

TRAIN PETS dataset
Removed wrong images: 0
Removed due to overlapping: 0
More than 3: 0
Train dataset len: 3312

TEST PETS dataset
Removed wrong images: 0
Removed due to overlapping: 0
More than 3: 0
Test dataset len: 368

***Start Training: 06:19:37

Initializing Weights

=== EPOCH 0/89 ===
Learning Rate = 0.0005

TRAIN losses
Total Loss  |Box Loss    |Conf Loss   |No Obj Loss |Class Loss  
------------ ------------ ------------ ------------ ------------
595.821     |72.304      |37.684      |423.552     |37.230      

VAL losses
Total Loss  |Box Loss    |Conf Loss   |No Obj Loss |Class Loss  
------------ ------------ ------------ ------------ ------------
403.299     |61.362      |38.777      |271.316     |31.844      

Saving model with new best validation loss: 403.299

=== EPOCH 1/89 ===
Learning Rate = 0.0005

TRAIN losses
Total Loss  |Box Loss    |Conf Loss   |No Obj Loss |Class Loss  
------------ ------------ ------------ ------------ ------------
389.666     |61.902      |44.167      |228.152     |30.386      

VAL losses
Total Loss  |Box Loss    |Conf Loss   |No Obj Loss |Class Loss  
------------ ------------ ------------ ------------ ------------
321.887     |58.149      |42.322      |191.256     |30.159      

Saving model with new best validation loss: 321.887

=== EPOCH 2/89 ===
Learning Rate = 0.0005

TRAIN losses
Total Loss  |Box Loss    |Conf Loss   |No Obj Loss |Class Loss  
------------ ------------ ------------ ------------ ------------
333.600     |58.152      |47.947      |173.141     |29.352      

VAL losses
Total Loss  |Box Loss    |Conf Loss   |No Obj Loss |Class Loss  
------------ ------------ ------------ ------------ ------------
280.207     |57.076      |47.204      |145.750     |30.177      

Saving model with new best validation loss: 280.207

=== EPOCH 3/89 ===
Learning Rate = 0.0005

TRAIN losses
Total Loss  |Box Loss    |Conf Loss   |No Obj Loss |Class Loss  
------------ ------------ ------------ ------------ ------------
299.871     |56.182      |49.934      |140.035     |28.776      

VAL losses
Total Loss  |Box Loss    |Conf Loss   |No Obj Loss |Class Loss  
------------ ------------ ------------ ------------ ------------
261.314     |58.627      |47.108      |125.089     |30.491      

Saving model with new best validation loss: 261.314

=== EPOCH 4/89 ===
Learning Rate = 0.0005

TRAIN losses
Total Loss  |Box Loss    |Conf Loss   |No Obj Loss |Class Loss  
------------ ------------ ------------ ------------ ------------
272.652     |54.945      |52.352      |112.263     |28.226      

VAL losses
Total Loss  |Box Loss    |Conf Loss   |No Obj Loss |Class Loss  
------------ ------------ ------------ ------------ ------------
234.437     |60.046      |51.435      |92.417      |30.539      

Validation mAP: 0.046

Saving model with new best val mAP: 0.046

Saving model with new best validation loss: 234.437

=== EPOCH 5/89 ===
Learning Rate = 0.0005

TRAIN losses
Total Loss  |Box Loss    |Conf Loss   |No Obj Loss |Class Loss  
------------ ------------ ------------ ------------ ------------
252.574     |52.805      |54.653      |92.342      |28.008      

VAL losses
Total Loss  |Box Loss    |Conf Loss   |No Obj Loss |Class Loss  
------------ ------------ ------------ ------------ ------------
210.955     |53.101      |53.525      |73.997      |30.331      

Saving model with new best validation loss: 210.955

=== EPOCH 6/89 ===
Learning Rate = 0.0005

TRAIN losses
Total Loss  |Box Loss    |Conf Loss   |No Obj Loss |Class Loss  
------------ ------------ ------------ ------------ ------------
238.101     |52.375      |56.659      |76.359      |28.045      

VAL losses
Total Loss  |Box Loss    |Conf Loss   |No Obj Loss |Class Loss  
------------ ------------ ------------ ------------ ------------
205.527     |53.614      |50.406      |71.314      |30.193      

Saving model with new best validation loss: 205.527

=== EPOCH 7/89 ===
Learning Rate = 0.0005

TRAIN losses
Total Loss  |Box Loss    |Conf Loss   |No Obj Loss |Class Loss  
------------ ------------ ------------ ------------ ------------
227.418     |51.782      |56.530      |66.946      |27.593      

VAL losses
Total Loss  |Box Loss    |Conf Loss   |No Obj Loss |Class Loss  
------------ ------------ ------------ ------------ ------------
199.854     |54.145      |51.155      |64.691      |29.863      

Saving model with new best validation loss: 199.854

=== EPOCH 8/89 ===
Learning Rate = 0.0005

TRAIN losses
Total Loss  |Box Loss    |Conf Loss   |No Obj Loss |Class Loss  
------------ ------------ ------------ ------------ ------------
218.535     |50.539      |57.627      |58.190      |27.710      

VAL losses
Total Loss  |Box Loss    |Conf Loss   |No Obj Loss |Class Loss  
------------ ------------ ------------ ------------ ------------
188.065     |51.588      |52.400      |53.929      |30.148      

Saving model with new best validation loss: 188.065

=== EPOCH 9/89 ===
Learning Rate = 0.0005

TRAIN losses
Total Loss  |Box Loss    |Conf Loss   |No Obj Loss |Class Loss  
------------ ------------ ------------ ------------ ------------
211.378     |50.120      |58.519      |50.766      |27.611      

VAL losses
Total Loss  |Box Loss    |Conf Loss   |No Obj Loss |Class Loss  
------------ ------------ ------------ ------------ ------------
179.669     |50.869      |53.737      |44.989      |30.074      

Validation mAP: 0.060

Saving model with new best val mAP: 0.060

Saving model with new best validation loss: 179.669

=== EPOCH 10/89 ===
Learning Rate = 0.0005

TRAIN losses
Total Loss  |Box Loss    |Conf Loss   |No Obj Loss |Class Loss  
------------ ------------ ------------ ------------ ------------
204.194     |49.936      |58.984      |43.619      |27.396      

VAL losses
Total Loss  |Box Loss    |Conf Loss   |No Obj Loss |Class Loss  
------------ ------------ ------------ ------------ ------------
173.602     |50.749      |55.479      |37.815      |29.559      

Saving model with new best validation loss: 173.602

=== EPOCH 11/89 ===
Learning Rate = 0.0005

TRAIN losses
Total Loss  |Box Loss    |Conf Loss   |No Obj Loss |Class Loss  
------------ ------------ ------------ ------------ ------------
197.636     |48.801      |60.012      |37.364      |27.295      

VAL losses
Total Loss  |Box Loss    |Conf Loss   |No Obj Loss |Class Loss  
------------ ------------ ------------ ------------ ------------
169.358     |49.838      |52.818      |37.328      |29.373      

Saving model with new best validation loss: 169.358

=== EPOCH 12/89 ===
Learning Rate = 0.0005

TRAIN losses
Total Loss  |Box Loss    |Conf Loss   |No Obj Loss |Class Loss  
------------ ------------ ------------ ------------ ------------
195.094     |48.456      |60.421      |34.875      |27.273      

VAL losses
Total Loss  |Box Loss    |Conf Loss   |No Obj Loss |Class Loss  
------------ ------------ ------------ ------------ ------------
164.834     |47.147      |58.209      |29.538      |29.940      

Saving model with new best validation loss: 164.834

=== EPOCH 13/89 ===
Learning Rate = 0.0005

TRAIN losses
Total Loss  |Box Loss    |Conf Loss   |No Obj Loss |Class Loss  
------------ ------------ ------------ ------------ ------------
190.296     |47.514      |58.719      |33.091      |26.991      

VAL losses
Total Loss  |Box Loss    |Conf Loss   |No Obj Loss |Class Loss  
------------ ------------ ------------ ------------ ------------
162.874     |46.187      |59.498      |27.124      |30.064      

Saving model with new best validation loss: 162.874

=== EPOCH 14/89 ===
Learning Rate = 0.0005

TRAIN losses
Total Loss  |Box Loss    |Conf Loss   |No Obj Loss |Class Loss  
------------ ------------ ------------ ------------ ------------
187.440     |46.775      |59.822      |30.094      |26.850      

Train mAP: 0.059

VAL losses
Total Loss  |Box Loss    |Conf Loss   |No Obj Loss |Class Loss  
------------ ------------ ------------ ------------ ------------
160.420     |48.349      |55.498      |26.874      |29.700      

Validation mAP: 0.056

Saving model with new best validation loss: 160.420

=== EPOCH 15/89 ===
Learning Rate = 0.0005

TRAIN losses
Total Loss  |Box Loss    |Conf Loss   |No Obj Loss |Class Loss  
------------ ------------ ------------ ------------ ------------
184.333     |46.450      |58.454      |29.193      |26.423      

VAL losses
Total Loss  |Box Loss    |Conf Loss   |No Obj Loss |Class Loss  
------------ ------------ ------------ ------------ ------------
155.316     |46.412      |50.634      |29.631      |28.639      

Saving model with new best validation loss: 155.316

=== EPOCH 16/89 ===
Learning Rate = 0.0005

TRAIN losses
Total Loss  |Box Loss    |Conf Loss   |No Obj Loss |Class Loss  
------------ ------------ ------------ ------------ ------------
181.234     |45.748      |58.551      |26.785      |26.412      

VAL losses
Total Loss  |Box Loss    |Conf Loss   |No Obj Loss |Class Loss  
------------ ------------ ------------ ------------ ------------
149.809     |43.684      |51.260      |25.768      |29.097      

Saving model with new best validation loss: 149.809

=== EPOCH 17/89 ===
Learning Rate = 0.0005

TRAIN losses
Total Loss  |Box Loss    |Conf Loss   |No Obj Loss |Class Loss  
------------ ------------ ------------ ------------ ------------
179.311     |44.595      |58.171      |26.328      |26.553      

VAL losses
Total Loss  |Box Loss    |Conf Loss   |No Obj Loss |Class Loss  
------------ ------------ ------------ ------------ ------------
145.183     |40.926      |54.760      |21.025      |28.472      

Saving model with new best validation loss: 145.183

=== EPOCH 18/89 ===
Learning Rate = 0.0005

TRAIN losses
Total Loss  |Box Loss    |Conf Loss   |No Obj Loss |Class Loss  
------------ ------------ ------------ ------------ ------------
177.708     |44.897      |58.217      |24.534      |26.460      

VAL losses
Total Loss  |Box Loss    |Conf Loss   |No Obj Loss |Class Loss  
------------ ------------ ------------ ------------ ------------
145.418     |43.220      |47.408      |26.972      |27.818      

=== EPOCH 19/89 ===
Learning Rate = 0.0005

TRAIN losses
Total Loss  |Box Loss    |Conf Loss   |No Obj Loss |Class Loss  
------------ ------------ ------------ ------------ ------------
172.888     |43.002      |57.299      |22.879      |26.176      

VAL losses
Total Loss  |Box Loss    |Conf Loss   |No Obj Loss |Class Loss  
------------ ------------ ------------ ------------ ------------
142.483     |41.137      |51.490      |20.046      |29.810      

Validation mAP: 0.080

Saving model with new best val mAP: 0.080

Saving model with new best validation loss: 142.483

=== EPOCH 20/89 ===
Learning Rate = 0.0005

TRAIN losses
Total Loss  |Box Loss    |Conf Loss   |No Obj Loss |Class Loss  
------------ ------------ ------------ ------------ ------------
170.781     |42.385      |57.021      |21.882      |26.032      

VAL losses
Total Loss  |Box Loss    |Conf Loss   |No Obj Loss |Class Loss  
------------ ------------ ------------ ------------ ------------
136.151     |38.157      |50.365      |20.371      |27.259      

Saving model with new best validation loss: 136.151

=== EPOCH 21/89 ===
Learning Rate = 0.0005

TRAIN losses
Total Loss  |Box Loss    |Conf Loss   |No Obj Loss |Class Loss  
------------ ------------ ------------ ------------ ------------
168.547     |42.505      |56.026      |21.249      |25.385      

VAL losses
Total Loss  |Box Loss    |Conf Loss   |No Obj Loss |Class Loss  
------------ ------------ ------------ ------------ ------------
133.466     |37.462      |47.241      |21.162      |27.601      

Saving model with new best validation loss: 133.466

=== EPOCH 22/89 ===
Learning Rate = 0.0005

TRAIN losses
Total Loss  |Box Loss    |Conf Loss   |No Obj Loss |Class Loss  
------------ ------------ ------------ ------------ ------------
166.718     |41.069      |56.119      |20.657      |25.556      

VAL losses
Total Loss  |Box Loss    |Conf Loss   |No Obj Loss |Class Loss  
------------ ------------ ------------ ------------ ------------
134.686     |39.874      |45.391      |21.376      |28.045      

=== EPOCH 23/89 ===
Learning Rate = 0.0005

TRAIN losses
Total Loss  |Box Loss    |Conf Loss   |No Obj Loss |Class Loss  
------------ ------------ ------------ ------------ ------------
163.161     |40.498      |54.041      |20.620      |24.751      

VAL losses
Total Loss  |Box Loss    |Conf Loss   |No Obj Loss |Class Loss  
------------ ------------ ------------ ------------ ------------
129.212     |35.345      |45.598      |20.467      |27.803      

Saving model with new best validation loss: 129.212

=== EPOCH 24/89 ===
Learning Rate = 0.0005

TRAIN losses
Total Loss  |Box Loss    |Conf Loss   |No Obj Loss |Class Loss  
------------ ------------ ------------ ------------ ------------
161.703     |39.856      |52.727      |21.028      |24.895      

VAL losses
Total Loss  |Box Loss    |Conf Loss   |No Obj Loss |Class Loss  
------------ ------------ ------------ ------------ ------------
127.923     |34.983      |45.590      |20.546      |26.803      

Validation mAP: 0.158

Saving model with new best val mAP: 0.158

Saving model with new best validation loss: 127.923

=== EPOCH 25/89 ===
Learning Rate = 0.0005

TRAIN losses
Total Loss  |Box Loss    |Conf Loss   |No Obj Loss |Class Loss  
------------ ------------ ------------ ------------ ------------
159.081     |38.395      |52.840      |20.235      |24.469      

VAL losses
Total Loss  |Box Loss    |Conf Loss   |No Obj Loss |Class Loss  
------------ ------------ ------------ ------------ ------------
128.137     |34.717      |44.486      |20.654      |28.280      

=== EPOCH 26/89 ===
Learning Rate = 0.0005

TRAIN losses
Total Loss  |Box Loss    |Conf Loss   |No Obj Loss |Class Loss  
------------ ------------ ------------ ------------ ------------
155.906     |37.908      |51.538      |19.497      |23.869      

VAL losses
Total Loss  |Box Loss    |Conf Loss   |No Obj Loss |Class Loss  
------------ ------------ ------------ ------------ ------------
124.554     |33.824      |43.065      |20.851      |26.815      

Saving model with new best validation loss: 124.554

=== EPOCH 27/89 ===
Learning Rate = 0.0005

TRAIN losses
Total Loss  |Box Loss    |Conf Loss   |No Obj Loss |Class Loss  
------------ ------------ ------------ ------------ ------------
154.281     |37.204      |51.407      |19.247      |23.375      

VAL losses
Total Loss  |Box Loss    |Conf Loss   |No Obj Loss |Class Loss  
------------ ------------ ------------ ------------ ------------
123.757     |34.516      |42.400      |20.056      |26.785      

Saving model with new best validation loss: 123.757

=== EPOCH 28/89 ===
Learning Rate = 0.0005

TRAIN losses
Total Loss  |Box Loss    |Conf Loss   |No Obj Loss |Class Loss  
------------ ------------ ------------ ------------ ------------
152.831     |37.433      |50.587      |18.982      |22.839      

VAL losses
Total Loss  |Box Loss    |Conf Loss   |No Obj Loss |Class Loss  
------------ ------------ ------------ ------------ ------------
119.051     |33.133      |40.857      |20.043      |25.017      

Saving model with new best validation loss: 119.051

=== EPOCH 29/89 ===
Learning Rate = 0.0005

TRAIN losses
Total Loss  |Box Loss    |Conf Loss   |No Obj Loss |Class Loss  
------------ ------------ ------------ ------------ ------------
149.546     |34.867      |49.641      |18.984      |23.107      

Train mAP: 0.195

VAL losses
Total Loss  |Box Loss    |Conf Loss   |No Obj Loss |Class Loss  
------------ ------------ ------------ ------------ ------------
113.304     |30.916      |39.073      |20.088      |23.228      

Validation mAP: 0.215

Saving model with new best val mAP: 0.215

Saving model with new best validation loss: 113.304

=== EPOCH 30/89 ===
Learning Rate = 0.0005

TRAIN losses
Total Loss  |Box Loss    |Conf Loss   |No Obj Loss |Class Loss  
------------ ------------ ------------ ------------ ------------
148.037     |35.017      |49.184      |18.725      |22.199      

VAL losses
Total Loss  |Box Loss    |Conf Loss   |No Obj Loss |Class Loss  
------------ ------------ ------------ ------------ ------------
110.322     |30.220      |41.740      |16.063      |22.299      

Saving model with new best validation loss: 110.322

=== EPOCH 31/89 ===
Learning Rate = 0.0005

TRAIN losses
Total Loss  |Box Loss    |Conf Loss   |No Obj Loss |Class Loss  
------------ ------------ ------------ ------------ ------------
144.312     |33.821      |48.036      |17.993      |21.590      

VAL losses
Total Loss  |Box Loss    |Conf Loss   |No Obj Loss |Class Loss  
------------ ------------ ------------ ------------ ------------
104.882     |28.370      |36.060      |19.153      |21.299      

Saving model with new best validation loss: 104.882

=== EPOCH 32/89 ===
Learning Rate = 0.0005

TRAIN losses
Total Loss  |Box Loss    |Conf Loss   |No Obj Loss |Class Loss  
------------ ------------ ------------ ------------ ------------
141.007     |32.520      |46.655      |18.406      |20.594      

VAL losses
Total Loss  |Box Loss    |Conf Loss   |No Obj Loss |Class Loss  
------------ ------------ ------------ ------------ ------------
110.596     |30.253      |41.169      |17.342      |21.833      

=== EPOCH 33/89 ===
Learning Rate = 0.0005

TRAIN losses
Total Loss  |Box Loss    |Conf Loss   |No Obj Loss |Class Loss  
------------ ------------ ------------ ------------ ------------
139.612     |32.349      |46.195      |18.154      |20.119      

VAL losses
Total Loss  |Box Loss    |Conf Loss   |No Obj Loss |Class Loss  
------------ ------------ ------------ ------------ ------------
105.495     |28.859      |39.746      |16.897      |19.994      

=== EPOCH 34/89 ===
Learning Rate = 0.0005

TRAIN losses
Total Loss  |Box Loss    |Conf Loss   |No Obj Loss |Class Loss  
------------ ------------ ------------ ------------ ------------
137.678     |32.016      |45.139      |17.706      |20.052      

VAL losses
Total Loss  |Box Loss    |Conf Loss   |No Obj Loss |Class Loss  
------------ ------------ ------------ ------------ ------------
101.557     |27.527      |39.072      |15.251      |19.707      

Validation mAP: 0.330

Saving model with new best val mAP: 0.330

Saving model with new best validation loss: 101.557

=== EPOCH 35/89 ===
Learning Rate = 0.0005

TRAIN losses
Total Loss  |Box Loss    |Conf Loss   |No Obj Loss |Class Loss  
------------ ------------ ------------ ------------ ------------
135.168     |31.149      |44.714      |17.536      |19.041      

VAL losses
Total Loss  |Box Loss    |Conf Loss   |No Obj Loss |Class Loss  
------------ ------------ ------------ ------------ ------------
96.569      |26.109      |33.064      |18.346      |19.050      

Saving model with new best validation loss: 96.569

=== EPOCH 36/89 ===
Learning Rate = 0.0005

TRAIN losses
Total Loss  |Box Loss    |Conf Loss   |No Obj Loss |Class Loss  
------------ ------------ ------------ ------------ ------------
133.764     |30.833      |43.866      |17.482      |18.891      

VAL losses
Total Loss  |Box Loss    |Conf Loss   |No Obj Loss |Class Loss  
------------ ------------ ------------ ------------ ------------
96.060      |26.626      |35.615      |14.976      |18.844      

Saving model with new best validation loss: 96.060

=== EPOCH 37/89 ===
Learning Rate = 0.0005

TRAIN losses
Total Loss  |Box Loss    |Conf Loss   |No Obj Loss |Class Loss  
------------ ------------ ------------ ------------ ------------
131.307     |29.749      |42.844      |17.310      |18.744      

VAL losses
Total Loss  |Box Loss    |Conf Loss   |No Obj Loss |Class Loss  
------------ ------------ ------------ ------------ ------------
93.796      |26.699      |33.396      |15.735      |17.966      

Saving model with new best validation loss: 93.796

=== EPOCH 38/89 ===
Learning Rate = 0.0005

TRAIN losses
Total Loss  |Box Loss    |Conf Loss   |No Obj Loss |Class Loss  
------------ ------------ ------------ ------------ ------------
129.386     |29.202      |41.944      |17.349      |18.261      

VAL losses
Total Loss  |Box Loss    |Conf Loss   |No Obj Loss |Class Loss  
------------ ------------ ------------ ------------ ------------
91.058      |25.144      |29.195      |19.666      |17.053      

Saving model with new best validation loss: 91.058

=== EPOCH 39/89 ===
Learning Rate = 0.0005

TRAIN losses
Total Loss  |Box Loss    |Conf Loss   |No Obj Loss |Class Loss  
------------ ------------ ------------ ------------ ------------
127.415     |28.530      |41.500      |17.494      |17.287      

VAL losses
Total Loss  |Box Loss    |Conf Loss   |No Obj Loss |Class Loss  
------------ ------------ ------------ ------------ ------------
94.358      |25.615      |34.374      |16.045      |18.324      

Validation mAP: 0.470

Saving model with new best val mAP: 0.470

=== EPOCH 40/89 ===
Learning Rate = 0.0005

TRAIN losses
Total Loss  |Box Loss    |Conf Loss   |No Obj Loss |Class Loss  
------------ ------------ ------------ ------------ ------------
125.886     |27.847      |41.001      |17.069      |17.393      

VAL losses
Total Loss  |Box Loss    |Conf Loss   |No Obj Loss |Class Loss  
------------ ------------ ------------ ------------ ------------
90.644      |25.550      |31.937      |15.711      |17.446      

Saving model with new best validation loss: 90.644

=== EPOCH 41/89 ===
Learning Rate = 0.0005

TRAIN losses
Total Loss  |Box Loss    |Conf Loss   |No Obj Loss |Class Loss  
------------ ------------ ------------ ------------ ------------
124.818     |28.502      |40.397      |16.839      |16.532      

VAL losses
Total Loss  |Box Loss    |Conf Loss   |No Obj Loss |Class Loss  
------------ ------------ ------------ ------------ ------------
86.733      |24.429      |28.677      |17.215      |16.413      

Saving model with new best validation loss: 86.733

=== EPOCH 42/89 ===
Learning Rate = 0.0005

TRAIN losses
Total Loss  |Box Loss    |Conf Loss   |No Obj Loss |Class Loss  
------------ ------------ ------------ ------------ ------------
122.299     |27.462      |38.517      |17.088      |16.709      

VAL losses
Total Loss  |Box Loss    |Conf Loss   |No Obj Loss |Class Loss  
------------ ------------ ------------ ------------ ------------
87.511      |24.642      |30.681      |15.367      |16.820      

=== EPOCH 43/89 ===
Learning Rate = 0.0005

TRAIN losses
Total Loss  |Box Loss    |Conf Loss   |No Obj Loss |Class Loss  
------------ ------------ ------------ ------------ ------------
119.801     |26.324      |38.328      |16.362      |16.291      

VAL losses
Total Loss  |Box Loss    |Conf Loss   |No Obj Loss |Class Loss  
------------ ------------ ------------ ------------ ------------
87.873      |25.036      |30.645      |15.877      |16.315      

=== EPOCH 44/89 ===
Learning Rate = 0.0005

TRAIN losses
Total Loss  |Box Loss    |Conf Loss   |No Obj Loss |Class Loss  
------------ ------------ ------------ ------------ ------------
118.765     |25.843      |37.374      |17.069      |16.007      

Train mAP: 0.474

VAL losses
Total Loss  |Box Loss    |Conf Loss   |No Obj Loss |Class Loss  
------------ ------------ ------------ ------------ ------------
83.784      |23.716      |28.562      |16.386      |15.119      

Validation mAP: 0.565

Saving model with new best val mAP: 0.565

Saving model with new best validation loss: 83.784

=== EPOCH 45/89 ===
Learning Rate = 0.0005

TRAIN losses
Total Loss  |Box Loss    |Conf Loss   |No Obj Loss |Class Loss  
------------ ------------ ------------ ------------ ------------
118.355     |25.894      |37.595      |16.763      |15.655      

VAL losses
Total Loss  |Box Loss    |Conf Loss   |No Obj Loss |Class Loss  
------------ ------------ ------------ ------------ ------------
85.852      |23.223      |30.102      |16.187      |16.339      

=== EPOCH 46/89 ===
Learning Rate = 0.0005

TRAIN losses
Total Loss  |Box Loss    |Conf Loss   |No Obj Loss |Class Loss  
------------ ------------ ------------ ------------ ------------
117.026     |24.764      |38.495      |16.107      |15.234      

VAL losses
Total Loss  |Box Loss    |Conf Loss   |No Obj Loss |Class Loss  
------------ ------------ ------------ ------------ ------------
81.128      |22.961      |26.207      |17.955      |14.006      

Saving model with new best validation loss: 81.128

=== EPOCH 47/89 ===
Learning Rate = 0.0005

TRAIN losses
Total Loss  |Box Loss    |Conf Loss   |No Obj Loss |Class Loss  
------------ ------------ ------------ ------------ ------------
114.733     |24.832      |35.803      |16.576      |15.122      

VAL losses
Total Loss  |Box Loss    |Conf Loss   |No Obj Loss |Class Loss  
------------ ------------ ------------ ------------ ------------
84.556      |23.635      |27.108      |18.722      |15.091      

=== EPOCH 48/89 ===
Learning Rate = 0.0005

TRAIN losses
Total Loss  |Box Loss    |Conf Loss   |No Obj Loss |Class Loss  
------------ ------------ ------------ ------------ ------------
112.844     |23.955      |35.790      |16.417      |14.303      

VAL losses
Total Loss  |Box Loss    |Conf Loss   |No Obj Loss |Class Loss  
------------ ------------ ------------ ------------ ------------
79.478      |22.264      |27.515      |15.891      |13.807      

Saving model with new best validation loss: 79.478

=== EPOCH 49/89 ===
Learning Rate = 0.0005

TRAIN losses
Total Loss  |Box Loss    |Conf Loss   |No Obj Loss |Class Loss  
------------ ------------ ------------ ------------ ------------
112.599     |24.366      |35.900      |15.682      |14.292      

VAL losses
Total Loss  |Box Loss    |Conf Loss   |No Obj Loss |Class Loss  
------------ ------------ ------------ ------------ ------------
79.139      |22.472      |29.784      |13.762      |13.121      

Validation mAP: 0.556

Saving model with new best validation loss: 79.139

=== EPOCH 50/89 ===
Learning Rate = 0.0005

TRAIN losses
Total Loss  |Box Loss    |Conf Loss   |No Obj Loss |Class Loss  
------------ ------------ ------------ ------------ ------------
111.206     |23.083      |36.341      |15.354      |14.087      

VAL losses
Total Loss  |Box Loss    |Conf Loss   |No Obj Loss |Class Loss  
------------ ------------ ------------ ------------ ------------
79.076      |22.181      |27.022      |15.664      |14.209      

Saving model with new best validation loss: 79.076

=== EPOCH 51/89 ===
Learning Rate = 0.0005

TRAIN losses
Total Loss  |Box Loss    |Conf Loss   |No Obj Loss |Class Loss  
------------ ------------ ------------ ------------ ------------
108.969     |23.146      |34.074      |15.768      |13.658      

VAL losses
Total Loss  |Box Loss    |Conf Loss   |No Obj Loss |Class Loss  
------------ ------------ ------------ ------------ ------------
79.883      |23.383      |25.855      |16.341      |14.304      

=== EPOCH 52/89 ===
Learning Rate = 0.0005

TRAIN losses
Total Loss  |Box Loss    |Conf Loss   |No Obj Loss |Class Loss  
------------ ------------ ------------ ------------ ------------
108.468     |22.749      |34.346      |15.526      |13.544      

VAL losses
Total Loss  |Box Loss    |Conf Loss   |No Obj Loss |Class Loss  
------------ ------------ ------------ ------------ ------------
77.512      |23.012      |24.491      |17.281      |12.729      

Saving model with new best validation loss: 77.512

=== EPOCH 53/89 ===
Learning Rate = 0.0005

TRAIN losses
Total Loss  |Box Loss    |Conf Loss   |No Obj Loss |Class Loss  
------------ ------------ ------------ ------------ ------------
107.356     |23.030      |33.443      |15.542      |13.055      

VAL losses
Total Loss  |Box Loss    |Conf Loss   |No Obj Loss |Class Loss  
------------ ------------ ------------ ------------ ------------
78.434      |22.239      |25.519      |17.052      |13.623      

=== EPOCH 54/89 ===
Learning Rate = 0.0005

TRAIN losses
Total Loss  |Box Loss    |Conf Loss   |No Obj Loss |Class Loss  
------------ ------------ ------------ ------------ ------------
105.631     |22.253      |32.958      |15.203      |12.942      

VAL losses
Total Loss  |Box Loss    |Conf Loss   |No Obj Loss |Class Loss  
------------ ------------ ------------ ------------ ------------
79.649      |22.951      |23.415      |19.356      |13.927      

Validation mAP: 0.540

=== EPOCH 55/89 ===
Learning Rate = 0.0005

TRAIN losses
Total Loss  |Box Loss    |Conf Loss   |No Obj Loss |Class Loss  
------------ ------------ ------------ ------------ ------------
105.304     |21.763      |33.035      |15.527      |12.718      

VAL losses
Total Loss  |Box Loss    |Conf Loss   |No Obj Loss |Class Loss  
------------ ------------ ------------ ------------ ------------
77.037      |22.170      |22.919      |17.579      |14.368      

Saving model with new best validation loss: 77.037

=== EPOCH 56/89 ===
Learning Rate = 0.0005

TRAIN losses
Total Loss  |Box Loss    |Conf Loss   |No Obj Loss |Class Loss  
------------ ------------ ------------ ------------ ------------
105.062     |21.790      |32.981      |15.558      |12.486      

VAL losses
Total Loss  |Box Loss    |Conf Loss   |No Obj Loss |Class Loss  
------------ ------------ ------------ ------------ ------------
75.007      |22.167      |24.454      |15.468      |12.918      

Saving model with new best validation loss: 75.007

=== EPOCH 57/89 ===
Learning Rate = 0.0005

TRAIN losses
Total Loss  |Box Loss    |Conf Loss   |No Obj Loss |Class Loss  
------------ ------------ ------------ ------------ ------------
101.937     |21.045      |31.485      |15.069      |12.103      

VAL losses
Total Loss  |Box Loss    |Conf Loss   |No Obj Loss |Class Loss  
------------ ------------ ------------ ------------ ------------
73.650      |20.789      |25.936      |14.427      |12.498      

Saving model with new best validation loss: 73.650

=== EPOCH 58/89 ===
Learning Rate = 0.0005

TRAIN losses
Total Loss  |Box Loss    |Conf Loss   |No Obj Loss |Class Loss  
------------ ------------ ------------ ------------ ------------
100.498     |20.359      |30.814      |15.138      |11.962      

VAL losses
Total Loss  |Box Loss    |Conf Loss   |No Obj Loss |Class Loss  
------------ ------------ ------------ ------------ ------------
72.010      |20.197      |22.785      |16.050      |12.978      

Saving model with new best validation loss: 72.010

=== EPOCH 59/89 ===
Learning Rate = 0.0005

TRAIN losses
Total Loss  |Box Loss    |Conf Loss   |No Obj Loss |Class Loss  
------------ ------------ ------------ ------------ ------------
99.515      |19.931      |30.500      |14.662      |12.208      

Train mAP: 0.614

VAL losses
Total Loss  |Box Loss    |Conf Loss   |No Obj Loss |Class Loss  
------------ ------------ ------------ ------------ ------------
74.026      |21.071      |25.572      |14.698      |12.685      

Validation mAP: 0.590

Saving model with new best val mAP: 0.590

=== EPOCH 60/89 ===
Learning Rate = 0.0005

TRAIN losses
Total Loss  |Box Loss    |Conf Loss   |No Obj Loss |Class Loss  
------------ ------------ ------------ ------------ ------------
100.256     |20.530      |30.665      |14.906      |11.950      

VAL losses
Total Loss  |Box Loss    |Conf Loss   |No Obj Loss |Class Loss  
------------ ------------ ------------ ------------ ------------
71.919      |20.743      |23.440      |15.450      |12.286      

Saving model with new best validation loss: 71.919

=== EPOCH 61/89 ===
Learning Rate = 0.0005

TRAIN losses
Total Loss  |Box Loss    |Conf Loss   |No Obj Loss |Class Loss  
------------ ------------ ------------ ------------ ------------
99.173      |19.848      |31.205      |14.895      |11.028      

VAL losses
Total Loss  |Box Loss    |Conf Loss   |No Obj Loss |Class Loss  
------------ ------------ ------------ ------------ ------------
75.775      |20.772      |26.436      |13.493      |15.073      

=== EPOCH 62/89 ===
Learning Rate = 0.0004

TRAIN losses
Total Loss  |Box Loss    |Conf Loss   |No Obj Loss |Class Loss  
------------ ------------ ------------ ------------ ------------
97.528      |19.488      |30.366      |14.624      |10.864      

VAL losses
Total Loss  |Box Loss    |Conf Loss   |No Obj Loss |Class Loss  
------------ ------------ ------------ ------------ ------------
73.493      |20.886      |23.056      |15.793      |13.758      

=== EPOCH 63/89 ===
Learning Rate = 0.0004

TRAIN losses
Total Loss  |Box Loss    |Conf Loss   |No Obj Loss |Class Loss  
------------ ------------ ------------ ------------ ------------
95.947      |19.346      |29.780      |14.495      |10.162      

VAL losses
Total Loss  |Box Loss    |Conf Loss   |No Obj Loss |Class Loss  
------------ ------------ ------------ ------------ ------------
72.052      |21.110      |23.356      |14.347      |13.238      

=== EPOCH 64/89 ===
Learning Rate = 0.0004

TRAIN losses
Total Loss  |Box Loss    |Conf Loss   |No Obj Loss |Class Loss  
------------ ------------ ------------ ------------ ------------
94.735      |19.135      |29.023      |13.962      |10.467      

VAL losses
Total Loss  |Box Loss    |Conf Loss   |No Obj Loss |Class Loss  
------------ ------------ ------------ ------------ ------------
72.084      |20.931      |24.053      |14.091      |13.009      

Validation mAP: 0.617

Saving model with new best val mAP: 0.617

=== EPOCH 65/89 ===
Learning Rate = 0.00032

TRAIN losses
Total Loss  |Box Loss    |Conf Loss   |No Obj Loss |Class Loss  
------------ ------------ ------------ ------------ ------------
93.410      |18.881      |28.203      |14.186      |10.010      

VAL losses
Total Loss  |Box Loss    |Conf Loss   |No Obj Loss |Class Loss  
------------ ------------ ------------ ------------ ------------
69.328      |19.247      |23.106      |14.451      |12.524      

Saving model with new best validation loss: 69.328

=== EPOCH 66/89 ===
Learning Rate = 0.00032

TRAIN losses
Total Loss  |Box Loss    |Conf Loss   |No Obj Loss |Class Loss  
------------ ------------ ------------ ------------ ------------
93.660      |18.717      |29.484      |13.217      |10.132      

VAL losses
Total Loss  |Box Loss    |Conf Loss   |No Obj Loss |Class Loss  
------------ ------------ ------------ ------------ ------------
69.324      |19.920      |23.419      |13.986      |11.999      

Saving model with new best validation loss: 69.324

=== EPOCH 67/89 ===
Learning Rate = 0.00032

TRAIN losses
Total Loss  |Box Loss    |Conf Loss   |No Obj Loss |Class Loss  
------------ ------------ ------------ ------------ ------------
90.635      |17.998      |27.982      |13.600      |8.963       

VAL losses
Total Loss  |Box Loss    |Conf Loss   |No Obj Loss |Class Loss  
------------ ------------ ------------ ------------ ------------
72.631      |22.358      |24.390      |14.230      |11.653      

=== EPOCH 68/89 ===
Learning Rate = 0.00032

TRAIN losses
Total Loss  |Box Loss    |Conf Loss   |No Obj Loss |Class Loss  
------------ ------------ ------------ ------------ ------------
90.210      |18.063      |26.667      |13.450      |9.956       

VAL losses
Total Loss  |Box Loss    |Conf Loss   |No Obj Loss |Class Loss  
------------ ------------ ------------ ------------ ------------
71.055      |21.319      |23.944      |14.531      |11.262      

=== EPOCH 69/89 ===
Learning Rate = 0.00025600000000000004

TRAIN losses
Total Loss  |Box Loss    |Conf Loss   |No Obj Loss |Class Loss  
------------ ------------ ------------ ------------ ------------
90.126      |18.085      |27.058      |13.522      |9.404       

VAL losses
Total Loss  |Box Loss    |Conf Loss   |No Obj Loss |Class Loss  
------------ ------------ ------------ ------------ ------------
69.320      |19.556      |24.562      |13.729      |11.474      

Validation mAP: 0.670

Saving model with new best val mAP: 0.670

Saving model with new best validation loss: 69.320

=== EPOCH 70/89 ===
Learning Rate = 0.00025600000000000004

TRAIN losses
Total Loss  |Box Loss    |Conf Loss   |No Obj Loss |Class Loss  
------------ ------------ ------------ ------------ ------------
88.360      |17.381      |26.139      |13.354      |9.447       

VAL losses
Total Loss  |Box Loss    |Conf Loss   |No Obj Loss |Class Loss  
------------ ------------ ------------ ------------ ------------
69.048      |19.511      |24.496      |12.829      |12.211      

Saving model with new best validation loss: 69.048

=== EPOCH 71/89 ===
Learning Rate = 0.00025600000000000004

TRAIN losses
Total Loss  |Box Loss    |Conf Loss   |No Obj Loss |Class Loss  
------------ ------------ ------------ ------------ ------------
87.638      |17.296      |25.798      |13.176      |9.345       

VAL losses
Total Loss  |Box Loss    |Conf Loss   |No Obj Loss |Class Loss  
------------ ------------ ------------ ------------ ------------
68.514      |20.506      |22.549      |13.493      |11.966      

Saving model with new best validation loss: 68.514

=== EPOCH 72/89 ===
Learning Rate = 0.00025600000000000004

TRAIN losses
Total Loss  |Box Loss    |Conf Loss   |No Obj Loss |Class Loss  
------------ ------------ ------------ ------------ ------------
87.357      |17.196      |26.245      |12.686      |9.223       

VAL losses
Total Loss  |Box Loss    |Conf Loss   |No Obj Loss |Class Loss  
------------ ------------ ------------ ------------ ------------
67.955      |20.403      |22.633      |13.213      |11.707      

Saving model with new best validation loss: 67.955

=== EPOCH 73/89 ===
Learning Rate = 0.00025600000000000004

TRAIN losses
Total Loss  |Box Loss    |Conf Loss   |No Obj Loss |Class Loss  
------------ ------------ ------------ ------------ ------------
86.787      |17.072      |25.871      |13.281      |8.570       

VAL losses
Total Loss  |Box Loss    |Conf Loss   |No Obj Loss |Class Loss  
------------ ------------ ------------ ------------ ------------
66.617      |19.790      |22.808      |13.387      |10.632      

Saving model with new best validation loss: 66.617

=== EPOCH 74/89 ===
Learning Rate = 0.00025600000000000004

TRAIN losses
Total Loss  |Box Loss    |Conf Loss   |No Obj Loss |Class Loss  
------------ ------------ ------------ ------------ ------------
85.923      |16.705      |25.524      |13.194      |8.524       

Train mAP: 0.709

VAL losses
Total Loss  |Box Loss    |Conf Loss   |No Obj Loss |Class Loss  
------------ ------------ ------------ ------------ ------------
69.098      |19.131      |24.835      |13.306      |11.826      

Validation mAP: 0.672

Saving model with new best val mAP: 0.672

=== EPOCH 75/89 ===
Learning Rate = 0.00025600000000000004

TRAIN losses
Total Loss  |Box Loss    |Conf Loss   |No Obj Loss |Class Loss  
------------ ------------ ------------ ------------ ------------
84.022      |16.909      |24.752      |12.550      |7.847       

VAL losses
Total Loss  |Box Loss    |Conf Loss   |No Obj Loss |Class Loss  
------------ ------------ ------------ ------------ ------------
69.670      |20.027      |23.476      |14.753      |11.414      

=== EPOCH 76/89 ===
Learning Rate = 0.00025600000000000004

TRAIN losses
Total Loss  |Box Loss    |Conf Loss   |No Obj Loss |Class Loss  
------------ ------------ ------------ ------------ ------------
84.995      |17.223      |25.070      |12.804      |7.947       

VAL losses
Total Loss  |Box Loss    |Conf Loss   |No Obj Loss |Class Loss  
------------ ------------ ------------ ------------ ------------
68.689      |19.874      |23.469      |14.321      |11.025      

=== EPOCH 77/89 ===
Learning Rate = 0.00020480000000000004

TRAIN losses
Total Loss  |Box Loss    |Conf Loss   |No Obj Loss |Class Loss  
------------ ------------ ------------ ------------ ------------
85.361      |16.977      |24.602      |12.890      |8.952       

VAL losses
Total Loss  |Box Loss    |Conf Loss   |No Obj Loss |Class Loss  
------------ ------------ ------------ ------------ ------------
65.786      |19.373      |22.452      |13.420      |10.540      

Saving model with new best validation loss: 65.786

=== EPOCH 78/89 ===
Learning Rate = 0.00020480000000000004

TRAIN losses
Total Loss  |Box Loss    |Conf Loss   |No Obj Loss |Class Loss  
------------ ------------ ------------ ------------ ------------
82.554      |15.951      |23.982      |12.303      |8.393       

VAL losses
Total Loss  |Box Loss    |Conf Loss   |No Obj Loss |Class Loss  
------------ ------------ ------------ ------------ ------------
67.997      |19.456      |23.984      |13.426      |11.132      

=== EPOCH 79/89 ===
Learning Rate = 0.00020480000000000004

TRAIN losses
Total Loss  |Box Loss    |Conf Loss   |No Obj Loss |Class Loss  
------------ ------------ ------------ ------------ ------------
82.864      |16.611      |24.253      |12.149      |7.942       

VAL losses
Total Loss  |Box Loss    |Conf Loss   |No Obj Loss |Class Loss  
------------ ------------ ------------ ------------ ------------
67.136      |19.895      |22.861      |13.324      |11.056      

Validation mAP: 0.658

=== EPOCH 80/89 ===
Learning Rate = 0.00020480000000000004

TRAIN losses
Total Loss  |Box Loss    |Conf Loss   |No Obj Loss |Class Loss  
------------ ------------ ------------ ------------ ------------
82.753      |15.890      |24.512      |12.260      |8.193       

VAL losses
Total Loss  |Box Loss    |Conf Loss   |No Obj Loss |Class Loss  
------------ ------------ ------------ ------------ ------------
67.963      |19.590      |21.628      |14.786      |11.959      

=== EPOCH 81/89 ===
Learning Rate = 0.00016384000000000006

TRAIN losses
Total Loss  |Box Loss    |Conf Loss   |No Obj Loss |Class Loss  
------------ ------------ ------------ ------------ ------------
80.681      |15.405      |23.252      |11.993      |8.145       

VAL losses
Total Loss  |Box Loss    |Conf Loss   |No Obj Loss |Class Loss  
------------ ------------ ------------ ------------ ------------
65.677      |18.992      |21.635      |14.352      |10.698      

Saving model with new best validation loss: 65.677

=== EPOCH 82/89 ===
Learning Rate = 0.00016384000000000006

TRAIN losses
Total Loss  |Box Loss    |Conf Loss   |No Obj Loss |Class Loss  
------------ ------------ ------------ ------------ ------------
81.186      |15.681      |23.788      |11.895      |7.948       

VAL losses
Total Loss  |Box Loss    |Conf Loss   |No Obj Loss |Class Loss  
------------ ------------ ------------ ------------ ------------
66.766      |19.518      |22.153      |13.822      |11.274      

=== EPOCH 83/89 ===
Learning Rate = 0.00016384000000000006

TRAIN losses
Total Loss  |Box Loss    |Conf Loss   |No Obj Loss |Class Loss  
------------ ------------ ------------ ------------ ------------
81.029      |15.558      |24.087      |11.769      |7.751       

VAL losses
Total Loss  |Box Loss    |Conf Loss   |No Obj Loss |Class Loss  
------------ ------------ ------------ ------------ ------------
66.473      |19.117      |22.404      |13.704      |11.248      

=== EPOCH 84/89 ===
Learning Rate = 0.00016384000000000006

TRAIN losses
Total Loss  |Box Loss    |Conf Loss   |No Obj Loss |Class Loss  
------------ ------------ ------------ ------------ ------------
81.243      |16.067      |23.317      |12.294      |7.712       

VAL losses
Total Loss  |Box Loss    |Conf Loss   |No Obj Loss |Class Loss  
------------ ------------ ------------ ------------ ------------
65.233      |19.313      |22.268      |13.006      |10.646      

Validation mAP: 0.681

Saving model with new best val mAP: 0.681

Saving model with new best validation loss: 65.233

=== EPOCH 85/89 ===
Learning Rate = 0.00016384000000000006

TRAIN losses
Total Loss  |Box Loss    |Conf Loss   |No Obj Loss |Class Loss  
------------ ------------ ------------ ------------ ------------
81.644      |16.019      |24.251      |11.678      |7.851       

VAL losses
Total Loss  |Box Loss    |Conf Loss   |No Obj Loss |Class Loss  
------------ ------------ ------------ ------------ ------------
64.301      |18.915      |21.936      |13.366      |10.084      

Saving model with new best validation loss: 64.301

=== EPOCH 86/89 ===
Learning Rate = 0.00016384000000000006

TRAIN losses
Total Loss  |Box Loss    |Conf Loss   |No Obj Loss |Class Loss  
------------ ------------ ------------ ------------ ------------
78.773      |15.778      |22.519      |11.614      |7.029       

VAL losses
Total Loss  |Box Loss    |Conf Loss   |No Obj Loss |Class Loss  
------------ ------------ ------------ ------------ ------------
66.071      |19.371      |22.975      |12.807      |10.919      

=== EPOCH 87/89 ===
Learning Rate = 0.00016384000000000006

TRAIN losses
Total Loss  |Box Loss    |Conf Loss   |No Obj Loss |Class Loss  
------------ ------------ ------------ ------------ ------------
77.777      |15.004      |22.362      |11.533      |7.055       

VAL losses
Total Loss  |Box Loss    |Conf Loss   |No Obj Loss |Class Loss  
------------ ------------ ------------ ------------ ------------
66.466      |19.453      |23.429      |12.958      |10.627      

=== EPOCH 88/89 ===
Learning Rate = 0.00016384000000000006

TRAIN losses
Total Loss  |Box Loss    |Conf Loss   |No Obj Loss |Class Loss  
------------ ------------ ------------ ------------ ------------
79.270      |15.237      |23.111      |11.489      |7.620       

VAL losses
Total Loss  |Box Loss    |Conf Loss   |No Obj Loss |Class Loss  
------------ ------------ ------------ ------------ ------------
65.733      |19.278      |22.298      |12.893      |11.263      

=== EPOCH 89/89 ===
Learning Rate = 0.00013107200000000006

TRAIN losses
Total Loss  |Box Loss    |Conf Loss   |No Obj Loss |Class Loss  
------------ ------------ ------------ ------------ ------------
78.396      |15.548      |22.359      |11.452      |7.234       

Train mAP: 0.755

VAL losses
Total Loss  |Box Loss    |Conf Loss   |No Obj Loss |Class Loss  
------------ ------------ ------------ ------------ ------------
66.866      |19.984      |22.515      |13.502      |10.865      

Validation mAP: 0.667
Saving last model

***Script finished: 06:34:56

Time elapsed: 0:15:18.306412
