Squeeze Classifier. First Test.
DFire Removed wrong images: 0
DFire empty images: 31
DFire only smoke images: 17
DFire only fire images: 2
DFire smoke and fire images: 14

TRAIN DFIRE dataset
DFire Removed wrong images: 0
DFire empty images: 7833
DFire only smoke images: 4681
DFire only fire images: 944
DFire smoke and fire images: 3763
Train dataset len: 17221

TEST DFire dataset
DFire Removed wrong images: 0
DFire empty images: 2005
DFire only smoke images: 1186
DFire only fire images: 220
DFire smoke and fire images: 895
Test dataset len: 4306
Using BED Classifier
Model shape is tensor([[-0.2721, -0.1260],
        [-0.2072, -0.0978],
        [-0.2583, -0.1550],
        [-0.2011, -0.1283]], device='cuda:0', grad_fn=<CatBackward0>)
BED Model Arquitecture
BED_CLASSIFIER(
  (model): Sequential(
    (0): Conv2d(3, 64, kernel_size=(3, 3), stride=(1, 1), padding=(1, 1), bias=False)
    (1): BatchNorm2d(64, eps=1e-05, momentum=0.1, affine=False, track_running_stats=True)
    (2): ReLU()
    (3): Dropout2d(p=0.3, inplace=False)
    (4): MaxPool2d(kernel_size=2, stride=2, padding=0, dilation=1, ceil_mode=False)
    (5): Conv2d(64, 24, kernel_size=(3, 3), stride=(1, 1), padding=(1, 1), bias=False)
    (6): BatchNorm2d(24, eps=1e-05, momentum=0.1, affine=False, track_running_stats=True)
    (7): ReLU()
    (8): Dropout2d(p=0.3, inplace=False)
    (9): MaxPool2d(kernel_size=2, stride=2, padding=0, dilation=1, ceil_mode=False)
    (10): Conv2d(24, 16, kernel_size=(1, 1), stride=(1, 1), bias=False)
    (11): BatchNorm2d(16, eps=1e-05, momentum=0.1, affine=False, track_running_stats=True)
    (12): ReLU()
    (13): Conv2d(16, 32, kernel_size=(3, 3), stride=(1, 1), padding=(1, 1), bias=False)
    (14): BatchNorm2d(32, eps=1e-05, momentum=0.1, affine=False, track_running_stats=True)
    (15): ReLU()
    (16): Conv2d(32, 32, kernel_size=(1, 1), stride=(1, 1), bias=False)
    (17): BatchNorm2d(32, eps=1e-05, momentum=0.1, affine=False, track_running_stats=True)
    (18): ReLU()
    (19): Conv2d(32, 64, kernel_size=(3, 3), stride=(1, 1), padding=(1, 1), bias=False)
    (20): BatchNorm2d(64, eps=1e-05, momentum=0.1, affine=False, track_running_stats=True)
    (21): ReLU()
    (22): MaxPool2d(kernel_size=2, stride=2, padding=0, dilation=1, ceil_mode=False)
    (23): Conv2d(64, 32, kernel_size=(1, 1), stride=(1, 1), bias=False)
    (24): BatchNorm2d(32, eps=1e-05, momentum=0.1, affine=False, track_running_stats=True)
    (25): ReLU()
    (26): Conv2d(32, 64, kernel_size=(3, 3), stride=(1, 1), padding=(1, 1), bias=False)
    (27): BatchNorm2d(64, eps=1e-05, momentum=0.1, affine=False, track_running_stats=True)
    (28): ReLU()
    (29): Conv2d(64, 32, kernel_size=(1, 1), stride=(1, 1), bias=False)
    (30): BatchNorm2d(32, eps=1e-05, momentum=0.1, affine=False, track_running_stats=True)
    (31): ReLU()
    (32): Conv2d(32, 64, kernel_size=(3, 3), stride=(1, 1), padding=(1, 1), bias=False)
    (33): BatchNorm2d(64, eps=1e-05, momentum=0.1, affine=False, track_running_stats=True)
    (34): ReLU()
    (35): Conv2d(64, 32, kernel_size=(1, 1), stride=(1, 1), bias=False)
    (36): BatchNorm2d(32, eps=1e-05, momentum=0.1, affine=False, track_running_stats=True)
    (37): ReLU()
    (38): Conv2d(32, 64, kernel_size=(3, 3), stride=(1, 1), padding=(1, 1), bias=False)
    (39): BatchNorm2d(64, eps=1e-05, momentum=0.1, affine=False, track_running_stats=True)
    (40): ReLU()
  )
  (pool): AdaptiveAvgPool2d(output_size=(1, 1))
  (smoke): Sequential(
    (0): Dropout(p=0.2, inplace=False)
    (1): Linear(in_features=64, out_features=16, bias=True)
    (2): ReLU()
    (3): Linear(in_features=16, out_features=1, bias=True)
  )
  (fire): Sequential(
    (0): Dropout(p=0.2, inplace=False)
    (1): Linear(in_features=64, out_features=16, bias=True)
    (2): ReLU()
    (3): Linear(in_features=16, out_features=1, bias=True)
  )
)

Trainable parameters = 103554
Total parameters = 103554

Starting script

Device: cuda
Learning Rate: 0.001
Weight Decay: 0.0001
Batch Size: 64
IMG DIMS: (224, 224)
W: 224
H: 224
Loss Function: BCE

***Start Training: 06:24:23

Initializing Weights

=== EPOCH 0/74 ===
Learning Rate = 0.001

TRAIN losses
Total Loss  |Smoke Loss  |Fire Loss   
------------ ------------ ------------
118.941     |87.906      |31.035      


VAL losses
Total Loss  |Smoke Loss  |Fire Loss   
------------ ------------ ------------
114.724     |85.631      |29.093      

VAL Metrics
SMOKE -> Precision: 0.610 - Recall: 0.428 - Accuracy: 0.593 - F1: 0.503
FIRE -> Precision: 0.749 - Recall: 0.148 - Accuracy: 0.767 - F1: 0.247

Saving model with new best validation loss: 114.724

=== EPOCH 1/74 ===
Learning Rate = 0.001

TRAIN losses
Total Loss  |Smoke Loss  |Fire Loss   
------------ ------------ ------------
111.849     |85.377      |26.472      


VAL losses
Total Loss  |Smoke Loss  |Fire Loss   
------------ ------------ ------------
104.166     |81.219      |22.947      

VAL Metrics
SMOKE -> Precision: 0.596 - Recall: 0.702 - Accuracy: 0.628 - F1: 0.645
FIRE -> Precision: 0.713 - Recall: 0.650 - Accuracy: 0.842 - F1: 0.680

Saving model with new best validation loss: 104.166

=== EPOCH 2/74 ===
Learning Rate = 0.001

TRAIN losses
Total Loss  |Smoke Loss  |Fire Loss   
------------ ------------ ------------
105.198     |81.774      |23.424      


VAL losses
Total Loss  |Smoke Loss  |Fire Loss   
------------ ------------ ------------
97.936      |78.545      |19.390      

VAL Metrics
SMOKE -> Precision: 0.677 - Recall: 0.580 - Accuracy: 0.665 - F1: 0.625
FIRE -> Precision: 0.777 - Recall: 0.708 - Accuracy: 0.872 - F1: 0.741

Saving model with new best validation loss: 97.936

=== EPOCH 3/74 ===
Learning Rate = 0.001

TRAIN losses
Total Loss  |Smoke Loss  |Fire Loss   
------------ ------------ ------------
101.310     |79.605      |21.705      


VAL losses
Total Loss  |Smoke Loss  |Fire Loss   
------------ ------------ ------------
93.972      |75.593      |18.378      

VAL Metrics
SMOKE -> Precision: 0.666 - Recall: 0.700 - Accuracy: 0.687 - F1: 0.683
FIRE -> Precision: 0.757 - Recall: 0.785 - Accuracy: 0.879 - F1: 0.770

Saving model with new best validation loss: 93.972

=== EPOCH 4/74 ===
Learning Rate = 0.001

TRAIN losses
Total Loss  |Smoke Loss  |Fire Loss   
------------ ------------ ------------
97.638      |77.294      |20.345      


VAL losses
Total Loss  |Smoke Loss  |Fire Loss   
------------ ------------ ------------
90.417      |73.487      |16.929      

VAL Metrics
SMOKE -> Precision: 0.654 - Recall: 0.793 - Accuracy: 0.698 - F1: 0.717
FIRE -> Precision: 0.794 - Recall: 0.774 - Accuracy: 0.889 - F1: 0.784

Saving model with new best validation loss: 90.417

=== EPOCH 5/74 ===
Learning Rate = 0.001

TRAIN losses
Total Loss  |Smoke Loss  |Fire Loss   
------------ ------------ ------------
94.278      |74.985      |19.293      


VAL losses
Total Loss  |Smoke Loss  |Fire Loss   
------------ ------------ ------------
85.296      |69.849      |15.446      

VAL Metrics
SMOKE -> Precision: 0.735 - Recall: 0.650 - Accuracy: 0.719 - F1: 0.690
FIRE -> Precision: 0.801 - Recall: 0.810 - Accuracy: 0.899 - F1: 0.805

Saving model with new best validation loss: 85.296

=== EPOCH 6/74 ===
Learning Rate = 0.001

TRAIN losses
Total Loss  |Smoke Loss  |Fire Loss   
------------ ------------ ------------
91.794      |72.992      |18.801      


VAL losses
Total Loss  |Smoke Loss  |Fire Loss   
------------ ------------ ------------
79.344      |64.866      |14.478      

VAL Metrics
SMOKE -> Precision: 0.808 - Recall: 0.643 - Accuracy: 0.755 - F1: 0.716
FIRE -> Precision: 0.797 - Recall: 0.825 - Accuracy: 0.900 - F1: 0.811

Saving model with new best validation loss: 79.344

=== EPOCH 7/74 ===
Learning Rate = 0.001

TRAIN losses
Total Loss  |Smoke Loss  |Fire Loss   
------------ ------------ ------------
89.056      |71.073      |17.983      


VAL losses
Total Loss  |Smoke Loss  |Fire Loss   
------------ ------------ ------------
78.018      |63.448      |14.571      

VAL Metrics
SMOKE -> Precision: 0.776 - Recall: 0.702 - Accuracy: 0.759 - F1: 0.737
FIRE -> Precision: 0.835 - Recall: 0.798 - Accuracy: 0.907 - F1: 0.816

Saving model with new best validation loss: 78.018

=== EPOCH 8/74 ===
Learning Rate = 0.001

TRAIN losses
Total Loss  |Smoke Loss  |Fire Loss   
------------ ------------ ------------
86.557      |69.198      |17.359      


VAL losses
Total Loss  |Smoke Loss  |Fire Loss   
------------ ------------ ------------
75.681      |62.383      |13.298      

VAL Metrics
SMOKE -> Precision: 0.801 - Recall: 0.682 - Accuracy: 0.765 - F1: 0.737
FIRE -> Precision: 0.849 - Recall: 0.831 - Accuracy: 0.918 - F1: 0.840

Saving model with new best validation loss: 75.681

=== EPOCH 9/74 ===
Learning Rate = 0.001

TRAIN losses
Total Loss  |Smoke Loss  |Fire Loss   
------------ ------------ ------------
85.389      |68.232      |17.157      


VAL losses
Total Loss  |Smoke Loss  |Fire Loss   
------------ ------------ ------------
82.744      |68.032      |14.712      

VAL Metrics
SMOKE -> Precision: 0.888 - Recall: 0.504 - Accuracy: 0.731 - F1: 0.643
FIRE -> Precision: 0.889 - Recall: 0.740 - Accuracy: 0.909 - F1: 0.808

=== EPOCH 10/74 ===
Learning Rate = 0.001

TRAIN losses
Total Loss  |Smoke Loss  |Fire Loss   
------------ ------------ ------------
84.133      |67.364      |16.769      


VAL losses
Total Loss  |Smoke Loss  |Fire Loss   
------------ ------------ ------------
71.932      |59.145      |12.788      

VAL Metrics
SMOKE -> Precision: 0.780 - Recall: 0.760 - Accuracy: 0.781 - F1: 0.770
FIRE -> Precision: 0.842 - Recall: 0.852 - Accuracy: 0.920 - F1: 0.847

Saving model with new best validation loss: 71.932

=== EPOCH 11/74 ===
Learning Rate = 0.001

TRAIN losses
Total Loss  |Smoke Loss  |Fire Loss   
------------ ------------ ------------
83.304      |66.593      |16.711      


VAL losses
Total Loss  |Smoke Loss  |Fire Loss   
------------ ------------ ------------
71.159      |58.202      |12.956      

VAL Metrics
SMOKE -> Precision: 0.824 - Recall: 0.714 - Accuracy: 0.789 - F1: 0.765
FIRE -> Precision: 0.866 - Recall: 0.823 - Accuracy: 0.921 - F1: 0.844

Saving model with new best validation loss: 71.159

=== EPOCH 12/74 ===
Learning Rate = 0.001

TRAIN losses
Total Loss  |Smoke Loss  |Fire Loss   
------------ ------------ ------------
80.938      |64.985      |15.953      


VAL losses
Total Loss  |Smoke Loss  |Fire Loss   
------------ ------------ ------------
70.054      |56.902      |13.152      

VAL Metrics
SMOKE -> Precision: 0.805 - Recall: 0.764 - Accuracy: 0.798 - F1: 0.784
FIRE -> Precision: 0.871 - Recall: 0.816 - Accuracy: 0.921 - F1: 0.843

Saving model with new best validation loss: 70.054

=== EPOCH 13/74 ===
Learning Rate = 0.001

TRAIN losses
Total Loss  |Smoke Loss  |Fire Loss   
------------ ------------ ------------
79.604      |63.978      |15.626      


VAL losses
Total Loss  |Smoke Loss  |Fire Loss   
------------ ------------ ------------
69.512      |56.211      |13.301      

VAL Metrics
SMOKE -> Precision: 0.850 - Recall: 0.683 - Accuracy: 0.789 - F1: 0.757
FIRE -> Precision: 0.929 - Recall: 0.746 - Accuracy: 0.920 - F1: 0.828

Saving model with new best validation loss: 69.512

=== EPOCH 14/74 ===
Learning Rate = 0.001

TRAIN losses
Total Loss  |Smoke Loss  |Fire Loss   
------------ ------------ ------------
78.782      |63.187      |15.596      


VAL losses
Total Loss  |Smoke Loss  |Fire Loss   
------------ ------------ ------------
75.316      |61.314      |14.002      

VAL Metrics
SMOKE -> Precision: 0.700 - Recall: 0.937 - Accuracy: 0.776 - F1: 0.801
FIRE -> Precision: 0.775 - Recall: 0.912 - Accuracy: 0.909 - F1: 0.838

=== EPOCH 15/74 ===
Learning Rate = 0.001

TRAIN losses
Total Loss  |Smoke Loss  |Fire Loss   
------------ ------------ ------------
77.869      |62.459      |15.411      


VAL losses
Total Loss  |Smoke Loss  |Fire Loss   
------------ ------------ ------------
66.493      |54.654      |11.839      

VAL Metrics
SMOKE -> Precision: 0.761 - Recall: 0.881 - Accuracy: 0.809 - F1: 0.817
FIRE -> Precision: 0.841 - Recall: 0.895 - Accuracy: 0.929 - F1: 0.867

Saving model with new best validation loss: 66.493

=== EPOCH 16/74 ===
Learning Rate = 0.001

TRAIN losses
Total Loss  |Smoke Loss  |Fire Loss   
------------ ------------ ------------
77.299      |62.073      |15.226      


VAL losses
Total Loss  |Smoke Loss  |Fire Loss   
------------ ------------ ------------
71.076      |58.105      |12.971      

VAL Metrics
SMOKE -> Precision: 0.732 - Recall: 0.898 - Accuracy: 0.793 - F1: 0.807
FIRE -> Precision: 0.807 - Recall: 0.911 - Accuracy: 0.920 - F1: 0.856

=== EPOCH 17/74 ===
Learning Rate = 0.001

TRAIN losses
Total Loss  |Smoke Loss  |Fire Loss   
------------ ------------ ------------
76.390      |61.508      |14.882      


VAL losses
Total Loss  |Smoke Loss  |Fire Loss   
------------ ------------ ------------
63.970      |52.098      |11.872      

VAL Metrics
SMOKE -> Precision: 0.845 - Recall: 0.731 - Accuracy: 0.806 - F1: 0.784
FIRE -> Precision: 0.917 - Recall: 0.807 - Accuracy: 0.931 - F1: 0.859

Saving model with new best validation loss: 63.970

=== EPOCH 18/74 ===
Learning Rate = 0.001

TRAIN losses
Total Loss  |Smoke Loss  |Fire Loss   
------------ ------------ ------------
74.743      |59.997      |14.746      


VAL losses
Total Loss  |Smoke Loss  |Fire Loss   
------------ ------------ ------------
65.534      |52.933      |12.601      

VAL Metrics
SMOKE -> Precision: 0.841 - Recall: 0.753 - Accuracy: 0.813 - F1: 0.795
FIRE -> Precision: 0.917 - Recall: 0.790 - Accuracy: 0.927 - F1: 0.849

=== EPOCH 19/74 ===
Learning Rate = 0.001

TRAIN losses
Total Loss  |Smoke Loss  |Fire Loss   
------------ ------------ ------------
74.073      |59.675      |14.398      


VAL losses
Total Loss  |Smoke Loss  |Fire Loss   
------------ ------------ ------------
69.457      |55.695      |13.762      

VAL Metrics
SMOKE -> Precision: 0.889 - Recall: 0.654 - Accuracy: 0.795 - F1: 0.754
FIRE -> Precision: 0.957 - Recall: 0.699 - Accuracy: 0.914 - F1: 0.808

=== EPOCH 20/74 ===
Learning Rate = 0.001

TRAIN losses
Total Loss  |Smoke Loss  |Fire Loss   
------------ ------------ ------------
73.679      |59.137      |14.542      


VAL losses
Total Loss  |Smoke Loss  |Fire Loss   
------------ ------------ ------------
60.043      |49.281      |10.762      

VAL Metrics
SMOKE -> Precision: 0.808 - Recall: 0.888 - Accuracy: 0.845 - F1: 0.846
FIRE -> Precision: 0.886 - Recall: 0.879 - Accuracy: 0.940 - F1: 0.883

Saving model with new best validation loss: 60.043

=== EPOCH 21/74 ===
Learning Rate = 0.001

TRAIN losses
Total Loss  |Smoke Loss  |Fire Loss   
------------ ------------ ------------
73.089      |58.730      |14.359      


VAL losses
Total Loss  |Smoke Loss  |Fire Loss   
------------ ------------ ------------
62.114      |51.376      |10.738      

VAL Metrics
SMOKE -> Precision: 0.849 - Recall: 0.761 - Accuracy: 0.819 - F1: 0.802
FIRE -> Precision: 0.914 - Recall: 0.837 - Accuracy: 0.938 - F1: 0.874

=== EPOCH 22/74 ===
Learning Rate = 0.001

TRAIN losses
Total Loss  |Smoke Loss  |Fire Loss   
------------ ------------ ------------
71.297      |57.384      |13.914      


VAL losses
Total Loss  |Smoke Loss  |Fire Loss   
------------ ------------ ------------
60.449      |49.382      |11.068      

VAL Metrics
SMOKE -> Precision: 0.800 - Recall: 0.858 - Accuracy: 0.829 - F1: 0.828
FIRE -> Precision: 0.914 - Recall: 0.838 - Accuracy: 0.938 - F1: 0.874

=== EPOCH 23/74 ===
Learning Rate = 0.001

TRAIN losses
Total Loss  |Smoke Loss  |Fire Loss   
------------ ------------ ------------
71.269      |56.998      |14.271      


VAL losses
Total Loss  |Smoke Loss  |Fire Loss   
------------ ------------ ------------
56.361      |45.385      |10.976      

VAL Metrics
SMOKE -> Precision: 0.838 - Recall: 0.847 - Accuracy: 0.847 - F1: 0.842
FIRE -> Precision: 0.933 - Recall: 0.827 - Accuracy: 0.940 - F1: 0.877

Saving model with new best validation loss: 56.361

=== EPOCH 24/74 ===
Learning Rate = 0.001

TRAIN losses
Total Loss  |Smoke Loss  |Fire Loss   
------------ ------------ ------------
70.830      |57.008      |13.823      


VAL losses
Total Loss  |Smoke Loss  |Fire Loss   
------------ ------------ ------------
61.159      |49.982      |11.177      

VAL Metrics
SMOKE -> Precision: 0.795 - Recall: 0.866 - Accuracy: 0.828 - F1: 0.829
FIRE -> Precision: 0.846 - Recall: 0.897 - Accuracy: 0.931 - F1: 0.871

=== EPOCH 25/74 ===
Learning Rate = 0.001

TRAIN losses
Total Loss  |Smoke Loss  |Fire Loss   
------------ ------------ ------------
69.617      |55.960      |13.657      


VAL losses
Total Loss  |Smoke Loss  |Fire Loss   
------------ ------------ ------------
66.510      |53.162      |13.348      

VAL Metrics
SMOKE -> Precision: 0.903 - Recall: 0.687 - Accuracy: 0.814 - F1: 0.780
FIRE -> Precision: 0.968 - Recall: 0.743 - Accuracy: 0.927 - F1: 0.841

=== EPOCH 26/74 ===
Learning Rate = 0.001

TRAIN losses
Total Loss  |Smoke Loss  |Fire Loss   
------------ ------------ ------------
69.641      |55.801      |13.841      


VAL losses
Total Loss  |Smoke Loss  |Fire Loss   
------------ ------------ ------------
58.953      |47.851      |11.102      

VAL Metrics
SMOKE -> Precision: 0.783 - Recall: 0.905 - Accuracy: 0.833 - F1: 0.839
FIRE -> Precision: 0.868 - Recall: 0.890 - Accuracy: 0.937 - F1: 0.879

=== EPOCH 27/74 ===
Learning Rate = 0.0008

TRAIN losses
Total Loss  |Smoke Loss  |Fire Loss   
------------ ------------ ------------
66.786      |53.636      |13.150      


VAL losses
Total Loss  |Smoke Loss  |Fire Loss   
------------ ------------ ------------
55.417      |44.818      |10.599      

VAL Metrics
SMOKE -> Precision: 0.828 - Recall: 0.874 - Accuracy: 0.852 - F1: 0.851
FIRE -> Precision: 0.867 - Recall: 0.893 - Accuracy: 0.937 - F1: 0.880

Saving model with new best validation loss: 55.417

=== EPOCH 28/74 ===
Learning Rate = 0.0008

TRAIN losses
Total Loss  |Smoke Loss  |Fire Loss   
------------ ------------ ------------
66.322      |53.071      |13.252      


VAL losses
Total Loss  |Smoke Loss  |Fire Loss   
------------ ------------ ------------
53.311      |42.801      |10.510      

VAL Metrics
SMOKE -> Precision: 0.811 - Recall: 0.916 - Accuracy: 0.857 - F1: 0.860
FIRE -> Precision: 0.857 - Recall: 0.899 - Accuracy: 0.935 - F1: 0.877

Saving model with new best validation loss: 53.311

=== EPOCH 29/74 ===
Learning Rate = 0.0008

TRAIN losses
Total Loss  |Smoke Loss  |Fire Loss   
------------ ------------ ------------
65.734      |52.685      |13.049      


VAL losses
Total Loss  |Smoke Loss  |Fire Loss   
------------ ------------ ------------
55.254      |44.516      |10.738      

VAL Metrics
SMOKE -> Precision: 0.804 - Recall: 0.922 - Accuracy: 0.854 - F1: 0.859
FIRE -> Precision: 0.834 - Recall: 0.918 - Accuracy: 0.931 - F1: 0.874

=== EPOCH 30/74 ===
Learning Rate = 0.0008

TRAIN losses
Total Loss  |Smoke Loss  |Fire Loss   
------------ ------------ ------------
66.006      |52.769      |13.237      


VAL losses
Total Loss  |Smoke Loss  |Fire Loss   
------------ ------------ ------------
53.186      |43.293      |9.894       

VAL Metrics
SMOKE -> Precision: 0.867 - Recall: 0.828 - Accuracy: 0.856 - F1: 0.847
FIRE -> Precision: 0.924 - Recall: 0.865 - Accuracy: 0.947 - F1: 0.893

Saving model with new best validation loss: 53.186

=== EPOCH 31/74 ===
Learning Rate = 0.0008

TRAIN losses
Total Loss  |Smoke Loss  |Fire Loss   
------------ ------------ ------------
65.144      |52.232      |12.911      


VAL losses
Total Loss  |Smoke Loss  |Fire Loss   
------------ ------------ ------------
51.667      |42.209      |9.457       

VAL Metrics
SMOKE -> Precision: 0.879 - Recall: 0.811 - Accuracy: 0.855 - F1: 0.844
FIRE -> Precision: 0.916 - Recall: 0.872 - Accuracy: 0.946 - F1: 0.893

Saving model with new best validation loss: 51.667

=== EPOCH 32/74 ===
Learning Rate = 0.0008

TRAIN losses
Total Loss  |Smoke Loss  |Fire Loss   
------------ ------------ ------------
64.194      |51.700      |12.494      


VAL losses
Total Loss  |Smoke Loss  |Fire Loss   
------------ ------------ ------------
50.568      |40.638      |9.930       

VAL Metrics
SMOKE -> Precision: 0.828 - Recall: 0.913 - Accuracy: 0.867 - F1: 0.869
FIRE -> Precision: 0.907 - Recall: 0.866 - Accuracy: 0.942 - F1: 0.886

Saving model with new best validation loss: 50.568

=== EPOCH 33/74 ===
Learning Rate = 0.0008

TRAIN losses
Total Loss  |Smoke Loss  |Fire Loss   
------------ ------------ ------------
63.826      |50.946      |12.880      


VAL losses
Total Loss  |Smoke Loss  |Fire Loss   
------------ ------------ ------------
49.349      |39.920      |9.430       

VAL Metrics
SMOKE -> Precision: 0.830 - Recall: 0.918 - Accuracy: 0.870 - F1: 0.872
FIRE -> Precision: 0.914 - Recall: 0.874 - Accuracy: 0.946 - F1: 0.894

Saving model with new best validation loss: 49.349

=== EPOCH 34/74 ===
Learning Rate = 0.0008

TRAIN losses
Total Loss  |Smoke Loss  |Fire Loss   
------------ ------------ ------------
64.154      |51.354      |12.800      


VAL losses
Total Loss  |Smoke Loss  |Fire Loss   
------------ ------------ ------------
49.903      |40.415      |9.487       

VAL Metrics
SMOKE -> Precision: 0.884 - Recall: 0.846 - Accuracy: 0.872 - F1: 0.865
FIRE -> Precision: 0.932 - Recall: 0.858 - Accuracy: 0.947 - F1: 0.893

=== EPOCH 35/74 ===
Learning Rate = 0.0008

TRAIN losses
Total Loss  |Smoke Loss  |Fire Loss   
------------ ------------ ------------
63.029      |50.047      |12.982      


VAL losses
Total Loss  |Smoke Loss  |Fire Loss   
------------ ------------ ------------
48.484      |39.019      |9.465       

VAL Metrics
SMOKE -> Precision: 0.880 - Recall: 0.857 - Accuracy: 0.875 - F1: 0.868
FIRE -> Precision: 0.917 - Recall: 0.880 - Accuracy: 0.948 - F1: 0.898

Saving model with new best validation loss: 48.484

=== EPOCH 36/74 ===
Learning Rate = 0.0008

TRAIN losses
Total Loss  |Smoke Loss  |Fire Loss   
------------ ------------ ------------
62.797      |50.302      |12.495      


VAL losses
Total Loss  |Smoke Loss  |Fire Loss   
------------ ------------ ------------
47.961      |38.456      |9.505       

VAL Metrics
SMOKE -> Precision: 0.845 - Recall: 0.905 - Accuracy: 0.875 - F1: 0.874
FIRE -> Precision: 0.894 - Recall: 0.895 - Accuracy: 0.945 - F1: 0.894

Saving model with new best validation loss: 47.961

=== EPOCH 37/74 ===
Learning Rate = 0.0008

TRAIN losses
Total Loss  |Smoke Loss  |Fire Loss   
------------ ------------ ------------
61.964      |49.594      |12.370      


VAL losses
Total Loss  |Smoke Loss  |Fire Loss   
------------ ------------ ------------
46.928      |37.433      |9.496       

VAL Metrics
SMOKE -> Precision: 0.875 - Recall: 0.886 - Accuracy: 0.884 - F1: 0.880
FIRE -> Precision: 0.878 - Recall: 0.902 - Accuracy: 0.942 - F1: 0.890

Saving model with new best validation loss: 46.928

=== EPOCH 38/74 ===
Learning Rate = 0.0008

TRAIN losses
Total Loss  |Smoke Loss  |Fire Loss   
------------ ------------ ------------
61.563      |49.259      |12.304      


VAL losses
Total Loss  |Smoke Loss  |Fire Loss   
------------ ------------ ------------
48.335      |38.962      |9.373       

VAL Metrics
SMOKE -> Precision: 0.889 - Recall: 0.834 - Accuracy: 0.870 - F1: 0.861
FIRE -> Precision: 0.916 - Recall: 0.877 - Accuracy: 0.948 - F1: 0.896

=== EPOCH 39/74 ===
Learning Rate = 0.0008

TRAIN losses
Total Loss  |Smoke Loss  |Fire Loss   
------------ ------------ ------------
61.776      |49.514      |12.262      


VAL losses
Total Loss  |Smoke Loss  |Fire Loss   
------------ ------------ ------------
50.537      |41.189      |9.348       

VAL Metrics
SMOKE -> Precision: 0.802 - Recall: 0.947 - Accuracy: 0.862 - F1: 0.868
FIRE -> Precision: 0.914 - Recall: 0.873 - Accuracy: 0.946 - F1: 0.893

=== EPOCH 40/74 ===
Learning Rate = 0.0008

TRAIN losses
Total Loss  |Smoke Loss  |Fire Loss   
------------ ------------ ------------
60.550      |48.121      |12.429      


VAL losses
Total Loss  |Smoke Loss  |Fire Loss   
------------ ------------ ------------
47.235      |38.084      |9.151       

VAL Metrics
SMOKE -> Precision: 0.833 - Recall: 0.926 - Accuracy: 0.875 - F1: 0.877
FIRE -> Precision: 0.899 - Recall: 0.894 - Accuracy: 0.947 - F1: 0.897

=== EPOCH 41/74 ===
Learning Rate = 0.00064

TRAIN losses
Total Loss  |Smoke Loss  |Fire Loss   
------------ ------------ ------------
59.487      |47.495      |11.992      


VAL losses
Total Loss  |Smoke Loss  |Fire Loss   
------------ ------------ ------------
45.120      |35.654      |9.465       

VAL Metrics
SMOKE -> Precision: 0.878 - Recall: 0.898 - Accuracy: 0.891 - F1: 0.888
FIRE -> Precision: 0.911 - Recall: 0.883 - Accuracy: 0.947 - F1: 0.897

Saving model with new best validation loss: 45.120

=== EPOCH 42/74 ===
Learning Rate = 0.00064

TRAIN losses
Total Loss  |Smoke Loss  |Fire Loss   
------------ ------------ ------------
59.241      |47.462      |11.779      


VAL losses
Total Loss  |Smoke Loss  |Fire Loss   
------------ ------------ ------------
46.357      |36.851      |9.506       

VAL Metrics
SMOKE -> Precision: 0.847 - Recall: 0.917 - Accuracy: 0.880 - F1: 0.880
FIRE -> Precision: 0.933 - Recall: 0.862 - Accuracy: 0.948 - F1: 0.896

=== EPOCH 43/74 ===
Learning Rate = 0.00064

TRAIN losses
Total Loss  |Smoke Loss  |Fire Loss   
------------ ------------ ------------
59.250      |47.186      |12.064      


VAL losses
Total Loss  |Smoke Loss  |Fire Loss   
------------ ------------ ------------
44.364      |35.356      |9.007       

VAL Metrics
SMOKE -> Precision: 0.864 - Recall: 0.918 - Accuracy: 0.891 - F1: 0.890
FIRE -> Precision: 0.922 - Recall: 0.889 - Accuracy: 0.952 - F1: 0.906

Saving model with new best validation loss: 44.364

=== EPOCH 44/74 ===
Learning Rate = 0.00064

TRAIN losses
Total Loss  |Smoke Loss  |Fire Loss   
------------ ------------ ------------
58.511      |46.594      |11.917      


VAL losses
Total Loss  |Smoke Loss  |Fire Loss   
------------ ------------ ------------
44.656      |35.180      |9.476       

VAL Metrics
SMOKE -> Precision: 0.879 - Recall: 0.902 - Accuracy: 0.893 - F1: 0.890
FIRE -> Precision: 0.954 - Recall: 0.842 - Accuracy: 0.949 - F1: 0.895

=== EPOCH 45/74 ===
Learning Rate = 0.00064

TRAIN losses
Total Loss  |Smoke Loss  |Fire Loss   
------------ ------------ ------------
58.396      |46.581      |11.815      


VAL losses
Total Loss  |Smoke Loss  |Fire Loss   
------------ ------------ ------------
47.176      |37.435      |9.741       

VAL Metrics
SMOKE -> Precision: 0.844 - Recall: 0.916 - Accuracy: 0.878 - F1: 0.878
FIRE -> Precision: 0.954 - Recall: 0.834 - Accuracy: 0.947 - F1: 0.890

=== EPOCH 46/74 ===
Learning Rate = 0.00064

TRAIN losses
Total Loss  |Smoke Loss  |Fire Loss   
------------ ------------ ------------
58.424      |46.717      |11.708      


VAL losses
Total Loss  |Smoke Loss  |Fire Loss   
------------ ------------ ------------
44.939      |35.916      |9.023       

VAL Metrics
SMOKE -> Precision: 0.904 - Recall: 0.857 - Accuracy: 0.888 - F1: 0.880
FIRE -> Precision: 0.933 - Recall: 0.878 - Accuracy: 0.952 - F1: 0.905

=== EPOCH 47/74 ===
Learning Rate = 0.0005120000000000001
