OPTIM BED final test: train with all objects, eval with maximum 3

Before View Dataset Examples
DFS Removed wrong images: 0
DFS Removed due to overlapping: 58
DFS Removed due to more than 10: 2
Using Pretrained OPTIM BED 224x224
Model shape is torch.Size([4, 7, 7, 12])
BED Model Arquitecture
PRETRAINED_OPTIM_BED(
  (base_model): Sequential(
    (0): Sequential(
      (0): Conv2d(3, 64, kernel_size=(3, 3), stride=(1, 1), padding=(1, 1), bias=False)
      (1): BatchNorm2d(64, eps=1e-05, momentum=0.1, affine=False, track_running_stats=True)
      (2): ReLU()
      (3): Dropout2d(p=0.3, inplace=False)
      (4): MaxPool2d(kernel_size=2, stride=2, padding=0, dilation=1, ceil_mode=False)
      (5): Conv2d(64, 24, kernel_size=(3, 3), stride=(1, 1), padding=(1, 1), bias=False)
      (6): BatchNorm2d(24, eps=1e-05, momentum=0.1, affine=False, track_running_stats=True)
      (7): ReLU()
      (8): Dropout2d(p=0.3, inplace=False)
      (9): MaxPool2d(kernel_size=2, stride=2, padding=0, dilation=1, ceil_mode=False)
      (10): Conv2d(24, 16, kernel_size=(1, 1), stride=(1, 1), bias=False)
      (11): BatchNorm2d(16, eps=1e-05, momentum=0.1, affine=False, track_running_stats=True)
      (12): ReLU()
      (13): Conv2d(16, 32, kernel_size=(3, 3), stride=(1, 1), padding=(1, 1), bias=False)
      (14): BatchNorm2d(32, eps=1e-05, momentum=0.1, affine=False, track_running_stats=True)
      (15): ReLU()
      (16): Conv2d(32, 32, kernel_size=(1, 1), stride=(1, 1), bias=False)
      (17): BatchNorm2d(32, eps=1e-05, momentum=0.1, affine=False, track_running_stats=True)
      (18): ReLU()
      (19): Conv2d(32, 64, kernel_size=(3, 3), stride=(1, 1), padding=(1, 1), bias=False)
      (20): BatchNorm2d(64, eps=1e-05, momentum=0.1, affine=False, track_running_stats=True)
      (21): ReLU()
      (22): MaxPool2d(kernel_size=2, stride=2, padding=0, dilation=1, ceil_mode=False)
      (23): Conv2d(64, 32, kernel_size=(1, 1), stride=(1, 1), bias=False)
      (24): BatchNorm2d(32, eps=1e-05, momentum=0.1, affine=False, track_running_stats=True)
      (25): ReLU()
      (26): Conv2d(32, 64, kernel_size=(3, 3), stride=(1, 1), padding=(1, 1), bias=False)
      (27): BatchNorm2d(64, eps=1e-05, momentum=0.1, affine=False, track_running_stats=True)
      (28): ReLU()
      (29): Conv2d(64, 32, kernel_size=(1, 1), stride=(1, 1), bias=False)
      (30): BatchNorm2d(32, eps=1e-05, momentum=0.1, affine=False, track_running_stats=True)
      (31): ReLU()
      (32): Conv2d(32, 64, kernel_size=(3, 3), stride=(1, 1), padding=(1, 1), bias=False)
      (33): BatchNorm2d(64, eps=1e-05, momentum=0.1, affine=False, track_running_stats=True)
      (34): ReLU()
      (35): Conv2d(64, 32, kernel_size=(1, 1), stride=(1, 1), bias=False)
      (36): BatchNorm2d(32, eps=1e-05, momentum=0.1, affine=False, track_running_stats=True)
      (37): ReLU()
      (38): Conv2d(32, 64, kernel_size=(3, 3), stride=(1, 1), padding=(1, 1), bias=False)
      (39): ReLU()
      (40): MaxPool2d(kernel_size=2, stride=2, padding=0, dilation=1, ceil_mode=False)
      (41): Conv2d(64, 32, kernel_size=(1, 1), stride=(1, 1), bias=False)
      (42): BatchNorm2d(32, eps=1e-05, momentum=0.1, affine=False, track_running_stats=True)
      (43): ReLU()
      (44): Conv2d(32, 64, kernel_size=(3, 3), stride=(1, 1), padding=(1, 1), bias=False)
      (45): BatchNorm2d(64, eps=1e-05, momentum=0.1, affine=False, track_running_stats=True)
      (46): ReLU()
      (47): Conv2d(64, 32, kernel_size=(1, 1), stride=(1, 1), bias=False)
      (48): BatchNorm2d(32, eps=1e-05, momentum=0.1, affine=False, track_running_stats=True)
      (49): ReLU()
      (50): Conv2d(32, 64, kernel_size=(3, 3), stride=(1, 1), padding=(1, 1), bias=False)
      (51): BatchNorm2d(64, eps=1e-05, momentum=0.1, affine=False, track_running_stats=True)
      (52): ReLU()
      (53): Conv2d(64, 64, kernel_size=(3, 3), stride=(1, 1), padding=(1, 1), bias=False)
      (54): BatchNorm2d(64, eps=1e-05, momentum=0.1, affine=False, track_running_stats=True)
      (55): ReLU()
      (56): Conv2d(64, 64, kernel_size=(3, 3), stride=(1, 1), padding=(1, 1), bias=False)
      (57): BatchNorm2d(64, eps=1e-05, momentum=0.1, affine=False, track_running_stats=True)
      (58): ReLU()
      (59): MaxPool2d(kernel_size=2, stride=2, padding=0, dilation=1, ceil_mode=False)
      (60): Conv2d(64, 128, kernel_size=(3, 3), stride=(1, 1), padding=(1, 1), bias=False)
      (61): BatchNorm2d(128, eps=1e-05, momentum=0.1, affine=False, track_running_stats=True)
      (62): ReLU()
      (63): Conv2d(128, 128, kernel_size=(3, 3), stride=(1, 1), padding=(1, 1), bias=False)
      (64): BatchNorm2d(128, eps=1e-05, momentum=0.1, affine=False, track_running_stats=True)
      (65): ReLU()
    )
  )
  (head_model): Sequential(
    (0): Conv2d(128, 512, kernel_size=(1, 1), stride=(1, 1), bias=False)
    (1): BatchNorm2d(512, eps=1e-05, momentum=0.1, affine=False, track_running_stats=True)
    (2): ReLU()
    (3): Dropout2d(p=0.3, inplace=False)
    (4): Conv2d(512, 256, kernel_size=(1, 1), stride=(1, 1), bias=False)
    (5): BatchNorm2d(256, eps=1e-05, momentum=0.1, affine=False, track_running_stats=True)
    (6): ReLU()
    (7): Dropout2d(p=0.3, inplace=False)
    (8): Conv2d(256, 128, kernel_size=(1, 1), stride=(1, 1), bias=False)
    (9): BatchNorm2d(128, eps=1e-05, momentum=0.1, affine=False, track_running_stats=True)
    (10): ReLU()
    (11): Conv2d(128, 12, kernel_size=(1, 1), stride=(1, 1), bias=False)
  )
)

Trainable parameters = 668224
Total parameters = 668224

Using YoloLossMSE_2BBox
L1 lambda: 0.0005

TRAIN DFIRE dataset
DFire Removed wrong images: 0
DFire Removed due to overlapping: 546
DFire Removed due to more than 3: 1764
TRAIN DFS dataset
DFS Removed wrong images: 0
DFS Removed due to overlapping: 288
DFS Removed due to more than 3: 1231
Concatenate Train DFire and DFS datasets
Train dataset len: 21112

TEST DFire dataset
DFire Removed wrong images: 0
DFire Removed due to overlapping: 118
DFire Removed due to more than 3: 445
TEST DFS dataset
DFS Removed wrong images: 0
DFS Removed due to overlapping: 58
DFS Removed due to more than 3: 277
Concatenate Test DFire and DFS datasets
Test dataset len: 5330
Starting script

Device: cuda
Learning Rate: 0.0005
Weight Decay: 1e-05
Batch Size: 64
IMG DIMS: (224, 224)
W: 224
H: 224
SX: 7
SY: 7
B: 2
C: 2

Confidence Threshold: 0.2
IOU mAP Threshold: 0.5
IOU NMS Threshold: 0.5

Max Train Obj per image: 3
Max Test Obj per image: 3


***Start Training: 06:10:47

Using a Pretrained Model

=== EPOCH 0/59 ===
Learning Rate = 0.0005

TRAIN losses
Total Loss  |Box Loss    |Conf Loss   |No Obj Loss |Class Loss  
------------ ------------ ------------ ------------ ------------
203.505     |42.993      |50.271      |87.392      |8.083       

VAL losses
Total Loss  |Box Loss    |Conf Loss   |No Obj Loss |Class Loss  
------------ ------------ ------------ ------------ ------------
115.560     |41.722      |60.774      |6.599       |6.465       

Saving model with new best validation loss: 115.560

=== EPOCH 1/59 ===
Learning Rate = 0.0005

TRAIN losses
Total Loss  |Box Loss    |Conf Loss   |No Obj Loss |Class Loss  
------------ ------------ ------------ ------------ ------------
115.347     |33.057      |52.366      |9.820       |5.442       

VAL losses
Total Loss  |Box Loss    |Conf Loss   |No Obj Loss |Class Loss  
------------ ------------ ------------ ------------ ------------
108.523     |37.984      |53.719      |10.900      |5.921       

Saving model with new best validation loss: 108.523

=== EPOCH 2/59 ===
Learning Rate = 0.0005

TRAIN losses
Total Loss  |Box Loss    |Conf Loss   |No Obj Loss |Class Loss  
------------ ------------ ------------ ------------ ------------
109.309     |30.151      |49.708      |9.959       |4.913       

VAL losses
Total Loss  |Box Loss    |Conf Loss   |No Obj Loss |Class Loss  
------------ ------------ ------------ ------------ ------------
103.839     |35.418      |51.866      |10.420      |6.134       

Saving model with new best validation loss: 103.839

=== EPOCH 3/59 ===
Learning Rate = 0.0005

TRAIN losses
Total Loss  |Box Loss    |Conf Loss   |No Obj Loss |Class Loss  
------------ ------------ ------------ ------------ ------------
106.036     |28.716      |48.213      |10.128      |4.460       

VAL losses
Total Loss  |Box Loss    |Conf Loss   |No Obj Loss |Class Loss  
------------ ------------ ------------ ------------ ------------
100.895     |34.235      |52.032      |9.033       |5.596       

Saving model with new best validation loss: 100.895

=== EPOCH 4/59 ===
Learning Rate = 0.0005

TRAIN losses
Total Loss  |Box Loss    |Conf Loss   |No Obj Loss |Class Loss  
------------ ------------ ------------ ------------ ------------
103.349     |27.617      |46.564      |10.372      |4.329       

VAL losses
Total Loss  |Box Loss    |Conf Loss   |No Obj Loss |Class Loss  
------------ ------------ ------------ ------------ ------------
95.246      |31.676      |47.217      |11.303      |5.049       

Validation mAP: 0.246

Saving model with new best val mAP: 0.246

Saving model with new best validation loss: 95.246

=== EPOCH 5/59 ===
Learning Rate = 0.0005

TRAIN losses
Total Loss  |Box Loss    |Conf Loss   |No Obj Loss |Class Loss  
------------ ------------ ------------ ------------ ------------
101.121     |26.628      |45.631      |10.329      |4.112       

VAL losses
Total Loss  |Box Loss    |Conf Loss   |No Obj Loss |Class Loss  
------------ ------------ ------------ ------------ ------------
97.593      |31.957      |50.337      |9.293       |6.007       

=== EPOCH 6/59 ===
Learning Rate = 0.0005

TRAIN losses
Total Loss  |Box Loss    |Conf Loss   |No Obj Loss |Class Loss  
------------ ------------ ------------ ------------ ------------
99.971      |26.121      |44.967      |10.510      |3.981       

VAL losses
Total Loss  |Box Loss    |Conf Loss   |No Obj Loss |Class Loss  
------------ ------------ ------------ ------------ ------------
94.260      |30.542      |48.230      |10.627      |4.860       

Saving model with new best validation loss: 94.260

=== EPOCH 7/59 ===
Learning Rate = 0.0005

TRAIN losses
Total Loss  |Box Loss    |Conf Loss   |No Obj Loss |Class Loss  
------------ ------------ ------------ ------------ ------------
98.572      |25.704      |44.132      |10.573      |3.808       

VAL losses
Total Loss  |Box Loss    |Conf Loss   |No Obj Loss |Class Loss  
------------ ------------ ------------ ------------ ------------
93.092      |30.301      |50.661      |7.568       |4.562       

Saving model with new best validation loss: 93.092

=== EPOCH 8/59 ===
Learning Rate = 0.0005

TRAIN losses
Total Loss  |Box Loss    |Conf Loss   |No Obj Loss |Class Loss  
------------ ------------ ------------ ------------ ------------
97.053      |25.056      |43.567      |10.428      |3.674       

VAL losses
Total Loss  |Box Loss    |Conf Loss   |No Obj Loss |Class Loss  
------------ ------------ ------------ ------------ ------------
91.630      |29.841      |43.228      |14.218      |4.343       

Saving model with new best validation loss: 91.630

=== EPOCH 9/59 ===
Learning Rate = 0.0005

TRAIN losses
Total Loss  |Box Loss    |Conf Loss   |No Obj Loss |Class Loss  
------------ ------------ ------------ ------------ ------------
95.842      |24.663      |42.558      |10.724      |3.586       

VAL losses
Total Loss  |Box Loss    |Conf Loss   |No Obj Loss |Class Loss  
------------ ------------ ------------ ------------ ------------
89.374      |28.573      |45.758      |10.270      |4.773       

Validation mAP: 0.262

Saving model with new best val mAP: 0.262

Saving model with new best validation loss: 89.374

=== EPOCH 10/59 ===
Learning Rate = 0.0005

TRAIN losses
Total Loss  |Box Loss    |Conf Loss   |No Obj Loss |Class Loss  
------------ ------------ ------------ ------------ ------------
94.506      |23.960      |42.272      |10.577      |3.409       

VAL losses
Total Loss  |Box Loss    |Conf Loss   |No Obj Loss |Class Loss  
------------ ------------ ------------ ------------ ------------
89.580      |28.038      |49.313      |7.213       |5.016       

=== EPOCH 11/59 ===
Learning Rate = 0.0005

TRAIN losses
Total Loss  |Box Loss    |Conf Loss   |No Obj Loss |Class Loss  
------------ ------------ ------------ ------------ ------------
94.480      |23.914      |42.124      |10.742      |3.431       

VAL losses
Total Loss  |Box Loss    |Conf Loss   |No Obj Loss |Class Loss  
------------ ------------ ------------ ------------ ------------
87.597      |28.243      |46.589      |8.794       |3.971       

Saving model with new best validation loss: 87.597

=== EPOCH 12/59 ===
Learning Rate = 0.0005

TRAIN losses
Total Loss  |Box Loss    |Conf Loss   |No Obj Loss |Class Loss  
------------ ------------ ------------ ------------ ------------
93.346      |23.365      |41.641      |10.709      |3.377       

VAL losses
Total Loss  |Box Loss    |Conf Loss   |No Obj Loss |Class Loss  
------------ ------------ ------------ ------------ ------------
87.978      |28.202      |45.668      |9.032       |5.076       

=== EPOCH 13/59 ===
Learning Rate = 0.0005

TRAIN losses
Total Loss  |Box Loss    |Conf Loss   |No Obj Loss |Class Loss  
------------ ------------ ------------ ------------ ------------
92.385      |23.014      |41.160      |10.722      |3.244       

VAL losses
Total Loss  |Box Loss    |Conf Loss   |No Obj Loss |Class Loss  
------------ ------------ ------------ ------------ ------------
88.628      |28.597      |41.852      |13.124      |5.056       

=== EPOCH 14/59 ===
Learning Rate = 0.0005

TRAIN losses
Total Loss  |Box Loss    |Conf Loss   |No Obj Loss |Class Loss  
------------ ------------ ------------ ------------ ------------
91.911      |22.994      |40.739      |10.752      |3.191       

Train mAP: 0.370

VAL losses
Total Loss  |Box Loss    |Conf Loss   |No Obj Loss |Class Loss  
------------ ------------ ------------ ------------ ------------
86.674      |28.247      |45.307      |8.913       |4.208       

Validation mAP: 0.317

Saving model with new best val mAP: 0.317

Saving model with new best validation loss: 86.674

=== EPOCH 15/59 ===
Learning Rate = 0.0005

TRAIN losses
Total Loss  |Box Loss    |Conf Loss   |No Obj Loss |Class Loss  
------------ ------------ ------------ ------------ ------------
90.872      |22.509      |40.219      |10.759      |3.153       

VAL losses
Total Loss  |Box Loss    |Conf Loss   |No Obj Loss |Class Loss  
------------ ------------ ------------ ------------ ------------
85.378      |27.169      |42.291      |11.496      |4.422       

Saving model with new best validation loss: 85.378

=== EPOCH 16/59 ===
Learning Rate = 0.0005

TRAIN losses
Total Loss  |Box Loss    |Conf Loss   |No Obj Loss |Class Loss  
------------ ------------ ------------ ------------ ------------
90.445      |22.342      |40.049      |10.709      |3.118       

VAL losses
Total Loss  |Box Loss    |Conf Loss   |No Obj Loss |Class Loss  
------------ ------------ ------------ ------------ ------------
87.477      |28.034      |44.982      |9.847       |4.614       

=== EPOCH 17/59 ===
Learning Rate = 0.0005

TRAIN losses
Total Loss  |Box Loss    |Conf Loss   |No Obj Loss |Class Loss  
------------ ------------ ------------ ------------ ------------
90.069      |22.151      |40.065      |10.657      |2.971       

VAL losses
Total Loss  |Box Loss    |Conf Loss   |No Obj Loss |Class Loss  
------------ ------------ ------------ ------------ ------------
85.205      |27.059      |38.711      |15.606      |3.828       

Saving model with new best validation loss: 85.205

=== EPOCH 18/59 ===
Learning Rate = 0.0005

TRAIN losses
Total Loss  |Box Loss    |Conf Loss   |No Obj Loss |Class Loss  
------------ ------------ ------------ ------------ ------------
88.762      |21.815      |38.963      |10.745      |3.013       

VAL losses
Total Loss  |Box Loss    |Conf Loss   |No Obj Loss |Class Loss  
------------ ------------ ------------ ------------ ------------
84.990      |26.915      |43.796      |9.307       |4.972       

Saving model with new best validation loss: 84.990

=== EPOCH 19/59 ===
Learning Rate = 0.0005

TRAIN losses
Total Loss  |Box Loss    |Conf Loss   |No Obj Loss |Class Loss  
------------ ------------ ------------ ------------ ------------
89.126      |22.006      |39.153      |10.811      |2.924       

VAL losses
Total Loss  |Box Loss    |Conf Loss   |No Obj Loss |Class Loss  
------------ ------------ ------------ ------------ ------------
86.330      |27.869      |39.473      |14.777      |4.210       

Validation mAP: 0.294

=== EPOCH 20/59 ===
Learning Rate = 0.0005

TRAIN losses
Total Loss  |Box Loss    |Conf Loss   |No Obj Loss |Class Loss  
------------ ------------ ------------ ------------ ------------
88.473      |21.618      |38.979      |10.726      |2.909       

VAL losses
Total Loss  |Box Loss    |Conf Loss   |No Obj Loss |Class Loss  
------------ ------------ ------------ ------------ ------------
83.768      |26.709      |40.017      |12.846      |4.196       

Saving model with new best validation loss: 83.768

=== EPOCH 21/59 ===
Learning Rate = 0.0005

TRAIN losses
Total Loss  |Box Loss    |Conf Loss   |No Obj Loss |Class Loss  
------------ ------------ ------------ ------------ ------------
87.739      |21.286      |38.555      |10.735      |2.922       

VAL losses
Total Loss  |Box Loss    |Conf Loss   |No Obj Loss |Class Loss  
------------ ------------ ------------ ------------ ------------
83.033      |26.348      |41.991      |10.700      |3.995       

Saving model with new best validation loss: 83.033

=== EPOCH 22/59 ===
Learning Rate = 0.0005

TRAIN losses
Total Loss  |Box Loss    |Conf Loss   |No Obj Loss |Class Loss  
------------ ------------ ------------ ------------ ------------
87.597      |21.133      |38.610      |10.667      |2.939       

VAL losses
Total Loss  |Box Loss    |Conf Loss   |No Obj Loss |Class Loss  
------------ ------------ ------------ ------------ ------------
84.556      |26.712      |43.003      |10.465      |4.376       

=== EPOCH 23/59 ===
Learning Rate = 0.0005

TRAIN losses
Total Loss  |Box Loss    |Conf Loss   |No Obj Loss |Class Loss  
------------ ------------ ------------ ------------ ------------
86.850      |20.876      |37.912      |10.958      |2.847       

VAL losses
Total Loss  |Box Loss    |Conf Loss   |No Obj Loss |Class Loss  
------------ ------------ ------------ ------------ ------------
85.583      |27.477      |41.312      |11.939      |4.855       

=== EPOCH 24/59 ===
Learning Rate = 0.0005

TRAIN losses
Total Loss  |Box Loss    |Conf Loss   |No Obj Loss |Class Loss  
------------ ------------ ------------ ------------ ------------
86.337      |20.656      |37.993      |10.596      |2.821       

VAL losses
Total Loss  |Box Loss    |Conf Loss   |No Obj Loss |Class Loss  
------------ ------------ ------------ ------------ ------------
84.727      |26.502      |42.229      |11.249      |4.746       

Validation mAP: 0.314

=== EPOCH 25/59 ===
Learning Rate = 0.0004

TRAIN losses
Total Loss  |Box Loss    |Conf Loss   |No Obj Loss |Class Loss  
------------ ------------ ------------ ------------ ------------
85.056      |20.287      |36.938      |10.874      |2.693       

VAL losses
Total Loss  |Box Loss    |Conf Loss   |No Obj Loss |Class Loss  
------------ ------------ ------------ ------------ ------------
83.290      |26.410      |43.369      |9.373       |4.138       

=== EPOCH 26/59 ===
Learning Rate = 0.0004

TRAIN losses
Total Loss  |Box Loss    |Conf Loss   |No Obj Loss |Class Loss  
------------ ------------ ------------ ------------ ------------
84.247      |19.862      |37.033      |10.579      |2.548       

VAL losses
Total Loss  |Box Loss    |Conf Loss   |No Obj Loss |Class Loss  
------------ ------------ ------------ ------------ ------------
82.575      |26.468      |40.553      |11.287      |4.267       

Saving model with new best validation loss: 82.575

=== EPOCH 27/59 ===
Learning Rate = 0.0004

TRAIN losses
Total Loss  |Box Loss    |Conf Loss   |No Obj Loss |Class Loss  
------------ ------------ ------------ ------------ ------------
83.714      |19.753      |36.586      |10.659      |2.520       

VAL losses
Total Loss  |Box Loss    |Conf Loss   |No Obj Loss |Class Loss  
------------ ------------ ------------ ------------ ------------
82.199      |26.017      |42.404      |9.728       |4.050       

Saving model with new best validation loss: 82.199

=== EPOCH 28/59 ===
Learning Rate = 0.0004

TRAIN losses
Total Loss  |Box Loss    |Conf Loss   |No Obj Loss |Class Loss  
------------ ------------ ------------ ------------ ------------
83.424      |19.802      |36.219      |10.746      |2.485       

VAL losses
Total Loss  |Box Loss    |Conf Loss   |No Obj Loss |Class Loss  
------------ ------------ ------------ ------------ ------------
81.472      |26.146      |41.810      |9.486       |4.030       

Saving model with new best validation loss: 81.472

=== EPOCH 29/59 ===
Learning Rate = 0.0004

TRAIN losses
Total Loss  |Box Loss    |Conf Loss   |No Obj Loss |Class Loss  
------------ ------------ ------------ ------------ ------------
83.245      |19.793      |36.147      |10.537      |2.613       

Train mAP: 0.393

VAL losses
Total Loss  |Box Loss    |Conf Loss   |No Obj Loss |Class Loss  
------------ ------------ ------------ ------------ ------------
80.725      |24.925      |41.890      |9.839       |4.070       

Validation mAP: 0.311

Saving model with new best validation loss: 80.725

=== EPOCH 30/59 ===
Learning Rate = 0.0004

TRAIN losses
Total Loss  |Box Loss    |Conf Loss   |No Obj Loss |Class Loss  
------------ ------------ ------------ ------------ ------------
82.597      |19.492      |35.856      |10.606      |2.503       

VAL losses
Total Loss  |Box Loss    |Conf Loss   |No Obj Loss |Class Loss  
------------ ------------ ------------ ------------ ------------
80.894      |25.078      |39.462      |11.683      |4.672       

=== EPOCH 31/59 ===
Learning Rate = 0.0004

TRAIN losses
Total Loss  |Box Loss    |Conf Loss   |No Obj Loss |Class Loss  
------------ ------------ ------------ ------------ ------------
82.376      |19.197      |35.918      |10.648      |2.487       

VAL losses
Total Loss  |Box Loss    |Conf Loss   |No Obj Loss |Class Loss  
------------ ------------ ------------ ------------ ------------
81.674      |26.025      |40.735      |10.979      |3.934       

=== EPOCH 32/59 ===
Learning Rate = 0.0004

TRAIN losses
Total Loss  |Box Loss    |Conf Loss   |No Obj Loss |Class Loss  
------------ ------------ ------------ ------------ ------------
81.726      |19.145      |35.557      |10.480      |2.424       

VAL losses
Total Loss  |Box Loss    |Conf Loss   |No Obj Loss |Class Loss  
------------ ------------ ------------ ------------ ------------
80.057      |24.404      |42.491      |9.306       |3.856       

Saving model with new best validation loss: 80.057

=== EPOCH 33/59 ===
Learning Rate = 0.0004

TRAIN losses
Total Loss  |Box Loss    |Conf Loss   |No Obj Loss |Class Loss  
------------ ------------ ------------ ------------ ------------
80.972      |18.782      |35.345      |10.387      |2.350       

VAL losses
Total Loss  |Box Loss    |Conf Loss   |No Obj Loss |Class Loss  
------------ ------------ ------------ ------------ ------------
81.880      |25.547      |42.594      |9.637       |4.102       

=== EPOCH 34/59 ===
Learning Rate = 0.0004

TRAIN losses
Total Loss  |Box Loss    |Conf Loss   |No Obj Loss |Class Loss  
------------ ------------ ------------ ------------ ------------
81.337      |18.871      |35.268      |10.724      |2.374       

VAL losses
Total Loss  |Box Loss    |Conf Loss   |No Obj Loss |Class Loss  
------------ ------------ ------------ ------------ ------------
80.800      |25.432      |41.788      |9.677       |3.903       

Validation mAP: 0.345

Saving model with new best val mAP: 0.345

=== EPOCH 35/59 ===
Learning Rate = 0.0004

TRAIN losses
Total Loss  |Box Loss    |Conf Loss   |No Obj Loss |Class Loss  
------------ ------------ ------------ ------------ ------------
80.453      |18.547      |35.074      |10.485      |2.254       

VAL losses
Total Loss  |Box Loss    |Conf Loss   |No Obj Loss |Class Loss  
------------ ------------ ------------ ------------ ------------
81.149      |24.661      |42.042      |9.858       |4.588       

=== EPOCH 36/59 ===
Learning Rate = 0.00032

TRAIN losses
Total Loss  |Box Loss    |Conf Loss   |No Obj Loss |Class Loss  
------------ ------------ ------------ ------------ ------------
79.980      |18.415      |34.753      |10.419      |2.319       

VAL losses
Total Loss  |Box Loss    |Conf Loss   |No Obj Loss |Class Loss  
------------ ------------ ------------ ------------ ------------
78.981      |24.867      |40.403      |9.872       |3.839       

Saving model with new best validation loss: 78.981

=== EPOCH 37/59 ===
Learning Rate = 0.00032

TRAIN losses
Total Loss  |Box Loss    |Conf Loss   |No Obj Loss |Class Loss  
------------ ------------ ------------ ------------ ------------
79.517      |18.360      |34.445      |10.422      |2.250       

VAL losses
Total Loss  |Box Loss    |Conf Loss   |No Obj Loss |Class Loss  
------------ ------------ ------------ ------------ ------------
79.514      |24.679      |40.723      |10.397      |3.714       

=== EPOCH 38/59 ===
Learning Rate = 0.00032

TRAIN losses
Total Loss  |Box Loss    |Conf Loss   |No Obj Loss |Class Loss  
------------ ------------ ------------ ------------ ------------
79.422      |18.266      |34.562      |10.460      |2.117       

VAL losses
Total Loss  |Box Loss    |Conf Loss   |No Obj Loss |Class Loss  
------------ ------------ ------------ ------------ ------------
80.275      |24.513      |42.626      |8.924       |4.211       

=== EPOCH 39/59 ===
Learning Rate = 0.00032

TRAIN losses
Total Loss  |Box Loss    |Conf Loss   |No Obj Loss |Class Loss  
------------ ------------ ------------ ------------ ------------
78.749      |18.042      |34.101      |10.384      |2.227       

VAL losses
Total Loss  |Box Loss    |Conf Loss   |No Obj Loss |Class Loss  
------------ ------------ ------------ ------------ ------------
80.758      |24.876      |37.171      |14.262      |4.449       

Validation mAP: 0.361

Saving model with new best val mAP: 0.361

=== EPOCH 40/59 ===
Learning Rate = 0.00025600000000000004

TRAIN losses
Total Loss  |Box Loss    |Conf Loss   |No Obj Loss |Class Loss  
------------ ------------ ------------ ------------ ------------
77.858      |17.726      |33.600      |10.413      |2.153       

VAL losses
Total Loss  |Box Loss    |Conf Loss   |No Obj Loss |Class Loss  
------------ ------------ ------------ ------------ ------------
78.715      |24.434      |40.181      |10.229      |3.871       

Saving model with new best validation loss: 78.715

=== EPOCH 41/59 ===
Learning Rate = 0.00025600000000000004

TRAIN losses
Total Loss  |Box Loss    |Conf Loss   |No Obj Loss |Class Loss  
------------ ------------ ------------ ------------ ------------
77.357      |17.603      |33.268      |10.331      |2.223       

VAL losses
Total Loss  |Box Loss    |Conf Loss   |No Obj Loss |Class Loss  
------------ ------------ ------------ ------------ ------------
78.105      |24.402      |38.575      |11.632      |3.496       

Saving model with new best validation loss: 78.105

=== EPOCH 42/59 ===
Learning Rate = 0.00025600000000000004

TRAIN losses
Total Loss  |Box Loss    |Conf Loss   |No Obj Loss |Class Loss  
------------ ------------ ------------ ------------ ------------
76.985      |17.320      |33.173      |10.336      |2.256       

VAL losses
Total Loss  |Box Loss    |Conf Loss   |No Obj Loss |Class Loss  
------------ ------------ ------------ ------------ ------------
78.593      |24.290      |39.949      |10.326      |4.028       

=== EPOCH 43/59 ===
Learning Rate = 0.00025600000000000004

TRAIN losses
Total Loss  |Box Loss    |Conf Loss   |No Obj Loss |Class Loss  
------------ ------------ ------------ ------------ ------------
76.380      |17.546      |32.708      |10.232      |2.020       

VAL losses
Total Loss  |Box Loss    |Conf Loss   |No Obj Loss |Class Loss  
------------ ------------ ------------ ------------ ------------
78.745      |24.186      |39.028      |11.659      |3.872       

=== EPOCH 44/59 ===
Learning Rate = 0.00025600000000000004

TRAIN losses
Total Loss  |Box Loss    |Conf Loss   |No Obj Loss |Class Loss  
------------ ------------ ------------ ------------ ------------
76.682      |17.225      |33.099      |10.305      |2.203       

Train mAP: 0.472

VAL losses
Total Loss  |Box Loss    |Conf Loss   |No Obj Loss |Class Loss  
------------ ------------ ------------ ------------ ------------
78.015      |24.135      |39.223      |10.667      |3.991       

Validation mAP: 0.376

Saving model with new best val mAP: 0.376

Saving model with new best validation loss: 78.015

=== EPOCH 45/59 ===
Learning Rate = 0.00020480000000000004

TRAIN losses
Total Loss  |Box Loss    |Conf Loss   |No Obj Loss |Class Loss  
------------ ------------ ------------ ------------ ------------
75.562      |17.198      |32.359      |10.243      |1.938       

VAL losses
Total Loss  |Box Loss    |Conf Loss   |No Obj Loss |Class Loss  
------------ ------------ ------------ ------------ ------------
78.591      |24.731      |40.426      |9.765       |3.669       

=== EPOCH 46/59 ===
Learning Rate = 0.00020480000000000004

TRAIN losses
Total Loss  |Box Loss    |Conf Loss   |No Obj Loss |Class Loss  
------------ ------------ ------------ ------------ ------------
75.086      |16.824      |32.420      |10.100      |1.950       

VAL losses
Total Loss  |Box Loss    |Conf Loss   |No Obj Loss |Class Loss  
------------ ------------ ------------ ------------ ------------
78.531      |24.754      |38.556      |11.434      |3.788       

=== EPOCH 47/59 ===
Learning Rate = 0.00020480000000000004

TRAIN losses
Total Loss  |Box Loss    |Conf Loss   |No Obj Loss |Class Loss  
------------ ------------ ------------ ------------ ------------
74.427      |16.740      |32.027      |10.009      |1.890       

VAL losses
Total Loss  |Box Loss    |Conf Loss   |No Obj Loss |Class Loss  
------------ ------------ ------------ ------------ ------------
78.072      |24.277      |38.911      |11.169      |3.715       

=== EPOCH 48/59 ===
Learning Rate = 0.00016384000000000006

TRAIN losses
Total Loss  |Box Loss    |Conf Loss   |No Obj Loss |Class Loss  
------------ ------------ ------------ ------------ ------------
74.180      |16.658      |31.701      |10.185      |1.907       

VAL losses
Total Loss  |Box Loss    |Conf Loss   |No Obj Loss |Class Loss  
------------ ------------ ------------ ------------ ------------
77.746      |23.891      |37.824      |12.200      |3.830       

Saving model with new best validation loss: 77.746

=== EPOCH 49/59 ===
Learning Rate = 0.00016384000000000006

TRAIN losses
Total Loss  |Box Loss    |Conf Loss   |No Obj Loss |Class Loss  
------------ ------------ ------------ ------------ ------------
73.603      |16.484      |31.646      |9.915       |1.856       

VAL losses
Total Loss  |Box Loss    |Conf Loss   |No Obj Loss |Class Loss  
------------ ------------ ------------ ------------ ------------
77.715      |23.941      |38.978      |11.080      |3.716       

Validation mAP: 0.406

Saving model with new best val mAP: 0.406

Saving model with new best validation loss: 77.715

=== EPOCH 50/59 ===
Learning Rate = 0.00016384000000000006

TRAIN losses
Total Loss  |Box Loss    |Conf Loss   |No Obj Loss |Class Loss  
------------ ------------ ------------ ------------ ------------
73.356      |16.353      |31.474      |9.933       |1.922       

VAL losses
Total Loss  |Box Loss    |Conf Loss   |No Obj Loss |Class Loss  
------------ ------------ ------------ ------------ ------------
78.378      |24.158      |40.444      |9.900       |3.876       

=== EPOCH 51/59 ===
Learning Rate = 0.00016384000000000006

TRAIN losses
Total Loss  |Box Loss    |Conf Loss   |No Obj Loss |Class Loss  
------------ ------------ ------------ ------------ ------------
72.998      |16.180      |31.414      |9.913       |1.843       

VAL losses
Total Loss  |Box Loss    |Conf Loss   |No Obj Loss |Class Loss  
------------ ------------ ------------ ------------ ------------
77.544      |24.047      |38.610      |11.205      |3.682       

Saving model with new best validation loss: 77.544

=== EPOCH 52/59 ===
Learning Rate = 0.00016384000000000006

TRAIN losses
Total Loss  |Box Loss    |Conf Loss   |No Obj Loss |Class Loss  
------------ ------------ ------------ ------------ ------------
72.909      |16.315      |31.206      |9.981       |1.784       

VAL losses
Total Loss  |Box Loss    |Conf Loss   |No Obj Loss |Class Loss  
------------ ------------ ------------ ------------ ------------
76.717      |23.363      |38.336      |11.287      |3.731       

Saving model with new best validation loss: 76.717

=== EPOCH 53/59 ===
Learning Rate = 0.00016384000000000006

TRAIN losses
Total Loss  |Box Loss    |Conf Loss   |No Obj Loss |Class Loss  
------------ ------------ ------------ ------------ ------------
72.370      |16.148      |30.892      |9.960       |1.769       

VAL losses
Total Loss  |Box Loss    |Conf Loss   |No Obj Loss |Class Loss  
------------ ------------ ------------ ------------ ------------
76.966      |23.740      |37.248      |12.313      |3.665       

=== EPOCH 54/59 ===
Learning Rate = 0.00016384000000000006

TRAIN losses
Total Loss  |Box Loss    |Conf Loss   |No Obj Loss |Class Loss  
------------ ------------ ------------ ------------ ------------
72.416      |16.244      |30.934      |9.817       |1.843       

VAL losses
Total Loss  |Box Loss    |Conf Loss   |No Obj Loss |Class Loss  
------------ ------------ ------------ ------------ ------------
79.087      |24.345      |41.131      |9.586       |4.024       

Validation mAP: 0.377

=== EPOCH 55/59 ===
Learning Rate = 0.00016384000000000006

TRAIN losses
Total Loss  |Box Loss    |Conf Loss   |No Obj Loss |Class Loss  
------------ ------------ ------------ ------------ ------------
72.108      |15.986      |30.828      |9.952       |1.786       

VAL losses
Total Loss  |Box Loss    |Conf Loss   |No Obj Loss |Class Loss  
------------ ------------ ------------ ------------ ------------
78.226      |24.008      |41.361      |8.862       |3.995       

=== EPOCH 56/59 ===
Learning Rate = 0.00013107200000000006

TRAIN losses
Total Loss  |Box Loss    |Conf Loss   |No Obj Loss |Class Loss  
------------ ------------ ------------ ------------ ------------
71.219      |15.623      |30.771      |9.615       |1.677       

VAL losses
Total Loss  |Box Loss    |Conf Loss   |No Obj Loss |Class Loss  
------------ ------------ ------------ ------------ ------------
77.064      |23.568      |39.576      |10.154      |3.765       

=== EPOCH 57/59 ===
Learning Rate = 0.00013107200000000006

TRAIN losses
Total Loss  |Box Loss    |Conf Loss   |No Obj Loss |Class Loss  
------------ ------------ ------------ ------------ ------------
71.526      |15.853      |30.599      |9.826       |1.737       

VAL losses
Total Loss  |Box Loss    |Conf Loss   |No Obj Loss |Class Loss  
------------ ------------ ------------ ------------ ------------
76.939      |23.620      |39.219      |10.405      |3.696       

=== EPOCH 58/59 ===
Learning Rate = 0.00013107200000000006

TRAIN losses
Total Loss  |Box Loss    |Conf Loss   |No Obj Loss |Class Loss  
------------ ------------ ------------ ------------ ------------
70.968      |15.530      |30.429      |9.753       |1.765       

VAL losses
Total Loss  |Box Loss    |Conf Loss   |No Obj Loss |Class Loss  
------------ ------------ ------------ ------------ ------------
77.887      |24.089      |39.866      |9.969       |3.962       

=== EPOCH 59/59 ===
Learning Rate = 0.00010485760000000006

TRAIN losses
Total Loss  |Box Loss    |Conf Loss   |No Obj Loss |Class Loss  
------------ ------------ ------------ ------------ ------------
70.692      |15.579      |30.050      |9.737       |1.857       

Train mAP: 0.535

VAL losses
Total Loss  |Box Loss    |Conf Loss   |No Obj Loss |Class Loss  
------------ ------------ ------------ ------------ ------------
76.779      |23.574      |36.736      |12.760      |3.709       

Validation mAP: 0.407

Saving model with new best val mAP: 0.407
Saving last model

***Script finished: 09:16:38

Time elapsed: 3:05:51.004734
