OPTIM BED final test: train with all objects, eval with maximum 3

Before View Dataset Examples
DFS Removed wrong images: 0
DFS Removed due to overlapping: 58
DFS Removed due to more than 10: 2
Using Pretrained OPTIM BED 224x224
Model shape is torch.Size([4, 7, 7, 12])
BED Model Arquitecture
PRETRAINED_OPTIM_BED(
  (base_model): Sequential(
    (0): Sequential(
      (0): Conv2d(3, 64, kernel_size=(3, 3), stride=(1, 1), padding=(1, 1), bias=False)
      (1): BatchNorm2d(64, eps=1e-05, momentum=0.1, affine=False, track_running_stats=True)
      (2): ReLU()
      (3): Dropout2d(p=0.3, inplace=False)
      (4): MaxPool2d(kernel_size=2, stride=2, padding=0, dilation=1, ceil_mode=False)
      (5): Conv2d(64, 24, kernel_size=(3, 3), stride=(1, 1), padding=(1, 1), bias=False)
      (6): BatchNorm2d(24, eps=1e-05, momentum=0.1, affine=False, track_running_stats=True)
      (7): ReLU()
      (8): Dropout2d(p=0.3, inplace=False)
      (9): MaxPool2d(kernel_size=2, stride=2, padding=0, dilation=1, ceil_mode=False)
      (10): Conv2d(24, 16, kernel_size=(1, 1), stride=(1, 1), bias=False)
      (11): BatchNorm2d(16, eps=1e-05, momentum=0.1, affine=False, track_running_stats=True)
      (12): ReLU()
      (13): Conv2d(16, 32, kernel_size=(3, 3), stride=(1, 1), padding=(1, 1), bias=False)
      (14): BatchNorm2d(32, eps=1e-05, momentum=0.1, affine=False, track_running_stats=True)
      (15): ReLU()
      (16): Conv2d(32, 32, kernel_size=(1, 1), stride=(1, 1), bias=False)
      (17): BatchNorm2d(32, eps=1e-05, momentum=0.1, affine=False, track_running_stats=True)
      (18): ReLU()
      (19): Conv2d(32, 64, kernel_size=(3, 3), stride=(1, 1), padding=(1, 1), bias=False)
      (20): BatchNorm2d(64, eps=1e-05, momentum=0.1, affine=False, track_running_stats=True)
      (21): ReLU()
      (22): MaxPool2d(kernel_size=2, stride=2, padding=0, dilation=1, ceil_mode=False)
      (23): Conv2d(64, 32, kernel_size=(1, 1), stride=(1, 1), bias=False)
      (24): BatchNorm2d(32, eps=1e-05, momentum=0.1, affine=False, track_running_stats=True)
      (25): ReLU()
      (26): Conv2d(32, 64, kernel_size=(3, 3), stride=(1, 1), padding=(1, 1), bias=False)
      (27): BatchNorm2d(64, eps=1e-05, momentum=0.1, affine=False, track_running_stats=True)
      (28): ReLU()
      (29): Conv2d(64, 32, kernel_size=(1, 1), stride=(1, 1), bias=False)
      (30): BatchNorm2d(32, eps=1e-05, momentum=0.1, affine=False, track_running_stats=True)
      (31): ReLU()
      (32): Conv2d(32, 64, kernel_size=(3, 3), stride=(1, 1), padding=(1, 1), bias=False)
      (33): BatchNorm2d(64, eps=1e-05, momentum=0.1, affine=False, track_running_stats=True)
      (34): ReLU()
      (35): Conv2d(64, 32, kernel_size=(1, 1), stride=(1, 1), bias=False)
      (36): BatchNorm2d(32, eps=1e-05, momentum=0.1, affine=False, track_running_stats=True)
      (37): ReLU()
      (38): Conv2d(32, 64, kernel_size=(3, 3), stride=(1, 1), padding=(1, 1), bias=False)
      (39): ReLU()
      (40): MaxPool2d(kernel_size=2, stride=2, padding=0, dilation=1, ceil_mode=False)
      (41): Conv2d(64, 32, kernel_size=(1, 1), stride=(1, 1), bias=False)
      (42): BatchNorm2d(32, eps=1e-05, momentum=0.1, affine=False, track_running_stats=True)
      (43): ReLU()
      (44): Conv2d(32, 64, kernel_size=(3, 3), stride=(1, 1), padding=(1, 1), bias=False)
      (45): BatchNorm2d(64, eps=1e-05, momentum=0.1, affine=False, track_running_stats=True)
      (46): ReLU()
      (47): Conv2d(64, 32, kernel_size=(1, 1), stride=(1, 1), bias=False)
      (48): BatchNorm2d(32, eps=1e-05, momentum=0.1, affine=False, track_running_stats=True)
      (49): ReLU()
      (50): Conv2d(32, 64, kernel_size=(3, 3), stride=(1, 1), padding=(1, 1), bias=False)
      (51): BatchNorm2d(64, eps=1e-05, momentum=0.1, affine=False, track_running_stats=True)
      (52): ReLU()
      (53): Conv2d(64, 64, kernel_size=(3, 3), stride=(1, 1), padding=(1, 1), bias=False)
      (54): BatchNorm2d(64, eps=1e-05, momentum=0.1, affine=False, track_running_stats=True)
      (55): ReLU()
      (56): Conv2d(64, 64, kernel_size=(3, 3), stride=(1, 1), padding=(1, 1), bias=False)
      (57): BatchNorm2d(64, eps=1e-05, momentum=0.1, affine=False, track_running_stats=True)
      (58): ReLU()
      (59): MaxPool2d(kernel_size=2, stride=2, padding=0, dilation=1, ceil_mode=False)
      (60): Conv2d(64, 128, kernel_size=(3, 3), stride=(1, 1), padding=(1, 1), bias=False)
      (61): BatchNorm2d(128, eps=1e-05, momentum=0.1, affine=False, track_running_stats=True)
      (62): ReLU()
      (63): Conv2d(128, 128, kernel_size=(3, 3), stride=(1, 1), padding=(1, 1), bias=False)
      (64): BatchNorm2d(128, eps=1e-05, momentum=0.1, affine=False, track_running_stats=True)
      (65): ReLU()
    )
  )
  (head_model): Sequential(
    (0): Conv2d(128, 512, kernel_size=(1, 1), stride=(1, 1), bias=False)
    (1): BatchNorm2d(512, eps=1e-05, momentum=0.1, affine=False, track_running_stats=True)
    (2): ReLU()
    (3): Dropout2d(p=0.5, inplace=False)
    (4): Conv2d(512, 256, kernel_size=(1, 1), stride=(1, 1), bias=False)
    (5): BatchNorm2d(256, eps=1e-05, momentum=0.1, affine=False, track_running_stats=True)
    (6): ReLU()
    (7): Dropout2d(p=0.5, inplace=False)
    (8): Conv2d(256, 128, kernel_size=(1, 1), stride=(1, 1), bias=False)
    (9): BatchNorm2d(128, eps=1e-05, momentum=0.1, affine=False, track_running_stats=True)
    (10): ReLU()
    (11): Conv2d(128, 12, kernel_size=(1, 1), stride=(1, 1), bias=False)
  )
)

Trainable parameters = 668224
Total parameters = 668224

Using YoloLossMSE_2BBox
L1 lambda: 0.001

TRAIN DFIRE dataset
DFire Removed wrong images: 0
DFire Removed due to overlapping: 546
DFire Removed due to more than 3: 1764
TRAIN DFS dataset
DFS Removed wrong images: 0
DFS Removed due to overlapping: 288
DFS Removed due to more than 3: 1231
Concatenate Train DFire and DFS datasets
Train dataset len: 21112

TEST DFire dataset
DFire Removed wrong images: 0
DFire Removed due to overlapping: 118
DFire Removed due to more than 3: 445
TEST DFS dataset
DFS Removed wrong images: 0
DFS Removed due to overlapping: 58
DFS Removed due to more than 3: 277
Concatenate Test DFire and DFS datasets
Test dataset len: 5330
Starting script

Device: cuda
Learning Rate: 0.0005
Weight Decay: 0.0001
Batch Size: 64
IMG DIMS: (224, 224)
W: 224
H: 224
SX: 7
SY: 7
B: 2
C: 2

Confidence Threshold: 0.2
IOU mAP Threshold: 0.5
IOU NMS Threshold: 0.5

Max Train Obj per image: 3
Max Test Obj per image: 3


***Start Training: 10:08:40

Using a Pretrained Model

=== EPOCH 0/89 ===
Learning Rate = 0.0005

TRAIN losses
Total Loss  |Box Loss    |Conf Loss   |No Obj Loss |Class Loss  
------------ ------------ ------------ ------------ ------------
194.608     |27.290      |52.627      |77.762      |7.953       

VAL losses
Total Loss  |Box Loss    |Conf Loss   |No Obj Loss |Class Loss  
------------ ------------ ------------ ------------ ------------
100.653     |26.473      |51.751      |16.304      |6.124       

Saving model with new best validation loss: 100.653

=== EPOCH 1/89 ===
Learning Rate = 0.0005

TRAIN losses
Total Loss  |Box Loss    |Conf Loss   |No Obj Loss |Class Loss  
------------ ------------ ------------ ------------ ------------
116.601     |21.681      |52.597      |9.474       |5.160       

VAL losses
Total Loss  |Box Loss    |Conf Loss   |No Obj Loss |Class Loss  
------------ ------------ ------------ ------------ ------------
93.950      |24.486      |52.696      |11.340      |5.427       

Saving model with new best validation loss: 93.950

=== EPOCH 2/89 ===
Learning Rate = 0.0005

TRAIN losses
Total Loss  |Box Loss    |Conf Loss   |No Obj Loss |Class Loss  
------------ ------------ ------------ ------------ ------------
111.691     |19.971      |50.181      |9.914       |4.878       

VAL losses
Total Loss  |Box Loss    |Conf Loss   |No Obj Loss |Class Loss  
------------ ------------ ------------ ------------ ------------
89.778      |23.212      |51.410      |10.321      |4.835       

Saving model with new best validation loss: 89.778

=== EPOCH 3/89 ===
Learning Rate = 0.0005

TRAIN losses
Total Loss  |Box Loss    |Conf Loss   |No Obj Loss |Class Loss  
------------ ------------ ------------ ------------ ------------
108.214     |19.199      |48.503      |10.028      |4.492       

VAL losses
Total Loss  |Box Loss    |Conf Loss   |No Obj Loss |Class Loss  
------------ ------------ ------------ ------------ ------------
87.958      |22.339      |46.348      |14.326      |4.945       

Saving model with new best validation loss: 87.958

=== EPOCH 4/89 ===
Learning Rate = 0.0005

TRAIN losses
Total Loss  |Box Loss    |Conf Loss   |No Obj Loss |Class Loss  
------------ ------------ ------------ ------------ ------------
106.060     |18.412      |47.606      |10.165      |4.494       

VAL losses
Total Loss  |Box Loss    |Conf Loss   |No Obj Loss |Class Loss  
------------ ------------ ------------ ------------ ------------
85.702      |21.089      |48.036      |11.321      |5.257       

Validation mAP: 0.201

Saving model with new best val mAP: 0.201

Saving model with new best validation loss: 85.702

=== EPOCH 5/89 ===
Learning Rate = 0.0005

TRAIN losses
Total Loss  |Box Loss    |Conf Loss   |No Obj Loss |Class Loss  
------------ ------------ ------------ ------------ ------------
103.898     |17.914      |46.541      |10.269      |4.312       

VAL losses
Total Loss  |Box Loss    |Conf Loss   |No Obj Loss |Class Loss  
------------ ------------ ------------ ------------ ------------
82.270      |19.615      |45.384      |12.401      |4.869       

Saving model with new best validation loss: 82.270

=== EPOCH 6/89 ===
Learning Rate = 0.0005

TRAIN losses
Total Loss  |Box Loss    |Conf Loss   |No Obj Loss |Class Loss  
------------ ------------ ------------ ------------ ------------
101.830     |17.460      |45.518      |10.342      |4.114       

VAL losses
Total Loss  |Box Loss    |Conf Loss   |No Obj Loss |Class Loss  
------------ ------------ ------------ ------------ ------------
82.807      |19.888      |49.698      |8.312       |4.908       

=== EPOCH 7/89 ===
Learning Rate = 0.0005

TRAIN losses
Total Loss  |Box Loss    |Conf Loss   |No Obj Loss |Class Loss  
------------ ------------ ------------ ------------ ------------
100.739     |17.309      |45.145      |10.597      |3.712       

VAL losses
Total Loss  |Box Loss    |Conf Loss   |No Obj Loss |Class Loss  
------------ ------------ ------------ ------------ ------------
82.095      |19.168      |44.806      |12.638      |5.483       

Saving model with new best validation loss: 82.095

=== EPOCH 8/89 ===
Learning Rate = 0.0005

TRAIN losses
Total Loss  |Box Loss    |Conf Loss   |No Obj Loss |Class Loss  
------------ ------------ ------------ ------------ ------------
99.289      |17.030      |44.404      |10.405      |3.836       

VAL losses
Total Loss  |Box Loss    |Conf Loss   |No Obj Loss |Class Loss  
------------ ------------ ------------ ------------ ------------
80.403      |19.102      |41.721      |14.850      |4.729       

Saving model with new best validation loss: 80.403

=== EPOCH 9/89 ===
Learning Rate = 0.0005

TRAIN losses
Total Loss  |Box Loss    |Conf Loss   |No Obj Loss |Class Loss  
------------ ------------ ------------ ------------ ------------
97.608      |16.480      |43.527      |10.602      |3.716       

VAL losses
Total Loss  |Box Loss    |Conf Loss   |No Obj Loss |Class Loss  
------------ ------------ ------------ ------------ ------------
80.716      |18.817      |48.380      |8.786       |4.734       

Validation mAP: 0.275

Saving model with new best val mAP: 0.275

=== EPOCH 10/89 ===
Learning Rate = 0.0005

TRAIN losses
Total Loss  |Box Loss    |Conf Loss   |No Obj Loss |Class Loss  
------------ ------------ ------------ ------------ ------------
96.442      |16.254      |43.037      |10.540      |3.636       

VAL losses
Total Loss  |Box Loss    |Conf Loss   |No Obj Loss |Class Loss  
------------ ------------ ------------ ------------ ------------
79.738      |18.685      |49.015      |7.984       |4.054       

Saving model with new best validation loss: 79.738

=== EPOCH 11/89 ===
Learning Rate = 0.0005

TRAIN losses
Total Loss  |Box Loss    |Conf Loss   |No Obj Loss |Class Loss  
------------ ------------ ------------ ------------ ------------
95.616      |16.218      |42.478      |10.687      |3.526       

VAL losses
Total Loss  |Box Loss    |Conf Loss   |No Obj Loss |Class Loss  
------------ ------------ ------------ ------------ ------------
79.855      |19.049      |47.039      |9.468       |4.299       

=== EPOCH 12/89 ===
Learning Rate = 0.0005

TRAIN losses
Total Loss  |Box Loss    |Conf Loss   |No Obj Loss |Class Loss  
------------ ------------ ------------ ------------ ------------
94.905      |15.992      |42.138      |10.695      |3.612       

VAL losses
Total Loss  |Box Loss    |Conf Loss   |No Obj Loss |Class Loss  
------------ ------------ ------------ ------------ ------------
79.314      |18.579      |46.123      |9.552       |5.059       

Saving model with new best validation loss: 79.314

=== EPOCH 13/89 ===
Learning Rate = 0.0005

TRAIN losses
Total Loss  |Box Loss    |Conf Loss   |No Obj Loss |Class Loss  
------------ ------------ ------------ ------------ ------------
94.179      |15.811      |41.999      |10.645      |3.471       

VAL losses
Total Loss  |Box Loss    |Conf Loss   |No Obj Loss |Class Loss  
------------ ------------ ------------ ------------ ------------
79.567      |18.432      |47.199      |9.017       |4.920       

=== EPOCH 14/89 ===
Learning Rate = 0.0005

TRAIN losses
Total Loss  |Box Loss    |Conf Loss   |No Obj Loss |Class Loss  
------------ ------------ ------------ ------------ ------------
93.329      |15.469      |41.606      |10.632      |3.572       

Train mAP: 0.314

VAL losses
Total Loss  |Box Loss    |Conf Loss   |No Obj Loss |Class Loss  
------------ ------------ ------------ ------------ ------------
78.554      |18.578      |48.045      |7.450       |4.481       

Validation mAP: 0.275

Saving model with new best validation loss: 78.554

=== EPOCH 15/89 ===
Learning Rate = 0.0005

TRAIN losses
Total Loss  |Box Loss    |Conf Loss   |No Obj Loss |Class Loss  
------------ ------------ ------------ ------------ ------------
92.597      |15.517      |41.286      |10.596      |3.355       

VAL losses
Total Loss  |Box Loss    |Conf Loss   |No Obj Loss |Class Loss  
------------ ------------ ------------ ------------ ------------
77.874      |17.756      |46.165      |9.180       |4.773       

Saving model with new best validation loss: 77.874

=== EPOCH 16/89 ===
Learning Rate = 0.0005

TRAIN losses
Total Loss  |Box Loss    |Conf Loss   |No Obj Loss |Class Loss  
------------ ------------ ------------ ------------ ------------
91.740      |15.344      |40.699      |10.763      |3.287       

VAL losses
Total Loss  |Box Loss    |Conf Loss   |No Obj Loss |Class Loss  
------------ ------------ ------------ ------------ ------------
76.861      |17.496      |43.662      |10.724      |4.980       

Saving model with new best validation loss: 76.861

=== EPOCH 17/89 ===
Learning Rate = 0.0005

TRAIN losses
Total Loss  |Box Loss    |Conf Loss   |No Obj Loss |Class Loss  
------------ ------------ ------------ ------------ ------------
91.305      |15.166      |40.668      |10.731      |3.252       

VAL losses
Total Loss  |Box Loss    |Conf Loss   |No Obj Loss |Class Loss  
------------ ------------ ------------ ------------ ------------
76.362      |17.323      |40.561      |14.106      |4.372       

Saving model with new best validation loss: 76.362

=== EPOCH 18/89 ===
Learning Rate = 0.0005

TRAIN losses
Total Loss  |Box Loss    |Conf Loss   |No Obj Loss |Class Loss  
------------ ------------ ------------ ------------ ------------
90.799      |15.041      |40.382      |10.733      |3.309       

VAL losses
Total Loss  |Box Loss    |Conf Loss   |No Obj Loss |Class Loss  
------------ ------------ ------------ ------------ ------------
77.544      |17.941      |47.833      |7.719       |4.052       

=== EPOCH 19/89 ===
Learning Rate = 0.0005

TRAIN losses
Total Loss  |Box Loss    |Conf Loss   |No Obj Loss |Class Loss  
------------ ------------ ------------ ------------ ------------
90.495      |15.163      |40.173      |10.668      |3.285       

VAL losses
Total Loss  |Box Loss    |Conf Loss   |No Obj Loss |Class Loss  
------------ ------------ ------------ ------------ ------------
76.406      |17.310      |45.649      |8.693       |4.755       

Validation mAP: 0.276

Saving model with new best val mAP: 0.276

=== EPOCH 20/89 ===
Learning Rate = 0.0005

TRAIN losses
Total Loss  |Box Loss    |Conf Loss   |No Obj Loss |Class Loss  
------------ ------------ ------------ ------------ ------------
89.608      |15.137      |39.531      |10.742      |3.123       

VAL losses
Total Loss  |Box Loss    |Conf Loss   |No Obj Loss |Class Loss  
------------ ------------ ------------ ------------ ------------
76.185      |17.440      |43.446      |10.863      |4.436       

Saving model with new best validation loss: 76.185

=== EPOCH 21/89 ===
Learning Rate = 0.0005

TRAIN losses
Total Loss  |Box Loss    |Conf Loss   |No Obj Loss |Class Loss  
------------ ------------ ------------ ------------ ------------
89.405      |14.807      |39.855      |10.724      |3.058       

VAL losses
Total Loss  |Box Loss    |Conf Loss   |No Obj Loss |Class Loss  
------------ ------------ ------------ ------------ ------------
77.167      |17.784      |46.226      |8.676       |4.480       

=== EPOCH 22/89 ===
Learning Rate = 0.0005

TRAIN losses
Total Loss  |Box Loss    |Conf Loss   |No Obj Loss |Class Loss  
------------ ------------ ------------ ------------ ------------
88.757      |14.770      |39.269      |10.798      |3.073       

VAL losses
Total Loss  |Box Loss    |Conf Loss   |No Obj Loss |Class Loss  
------------ ------------ ------------ ------------ ------------
75.351      |17.336      |39.611      |14.280      |4.123       

Saving model with new best validation loss: 75.351

=== EPOCH 23/89 ===
Learning Rate = 0.0005

TRAIN losses
Total Loss  |Box Loss    |Conf Loss   |No Obj Loss |Class Loss  
------------ ------------ ------------ ------------ ------------
88.317      |14.600      |39.179      |10.769      |3.030       

VAL losses
Total Loss  |Box Loss    |Conf Loss   |No Obj Loss |Class Loss  
------------ ------------ ------------ ------------ ------------
73.967      |17.193      |42.955      |9.932       |3.886       

Saving model with new best validation loss: 73.967

=== EPOCH 24/89 ===
Learning Rate = 0.0005

TRAIN losses
Total Loss  |Box Loss    |Conf Loss   |No Obj Loss |Class Loss  
------------ ------------ ------------ ------------ ------------
87.818      |14.590      |38.867      |10.667      |3.052       

VAL losses
Total Loss  |Box Loss    |Conf Loss   |No Obj Loss |Class Loss  
------------ ------------ ------------ ------------ ------------
74.730      |16.861      |43.913      |9.460       |4.496       

Validation mAP: 0.303

Saving model with new best val mAP: 0.303

=== EPOCH 25/89 ===
Learning Rate = 0.0005

TRAIN losses
Total Loss  |Box Loss    |Conf Loss   |No Obj Loss |Class Loss  
------------ ------------ ------------ ------------ ------------
87.226      |14.407      |38.516      |10.711      |3.031       

VAL losses
Total Loss  |Box Loss    |Conf Loss   |No Obj Loss |Class Loss  
------------ ------------ ------------ ------------ ------------
77.208      |17.434      |44.556      |9.650       |5.568       

=== EPOCH 26/89 ===
Learning Rate = 0.0005

TRAIN losses
Total Loss  |Box Loss    |Conf Loss   |No Obj Loss |Class Loss  
------------ ------------ ------------ ------------ ------------
87.391      |14.622      |38.369      |10.793      |3.100       

VAL losses
Total Loss  |Box Loss    |Conf Loss   |No Obj Loss |Class Loss  
------------ ------------ ------------ ------------ ------------
74.587      |16.942      |42.811      |10.606      |4.227       

=== EPOCH 27/89 ===
Learning Rate = 0.0004

TRAIN losses
Total Loss  |Box Loss    |Conf Loss   |No Obj Loss |Class Loss  
------------ ------------ ------------ ------------ ------------
85.761      |14.182      |37.775      |10.572      |2.855       

VAL losses
Total Loss  |Box Loss    |Conf Loss   |No Obj Loss |Class Loss  
------------ ------------ ------------ ------------ ------------
72.894      |16.890      |41.238      |10.602      |4.164       

Saving model with new best validation loss: 72.894

=== EPOCH 28/89 ===
Learning Rate = 0.0004

TRAIN losses
Total Loss  |Box Loss    |Conf Loss   |No Obj Loss |Class Loss  
------------ ------------ ------------ ------------ ------------
84.882      |13.816      |37.373      |10.619      |2.864       

VAL losses
Total Loss  |Box Loss    |Conf Loss   |No Obj Loss |Class Loss  
------------ ------------ ------------ ------------ ------------
74.747      |16.688      |41.470      |11.677      |4.912       

=== EPOCH 29/89 ===
Learning Rate = 0.0004

TRAIN losses
Total Loss  |Box Loss    |Conf Loss   |No Obj Loss |Class Loss  
------------ ------------ ------------ ------------ ------------
84.517      |13.776      |37.209      |10.673      |2.776       

Train mAP: 0.397

VAL losses
Total Loss  |Box Loss    |Conf Loss   |No Obj Loss |Class Loss  
------------ ------------ ------------ ------------ ------------
72.917      |16.254      |41.876      |10.070      |4.717       

Validation mAP: 0.323

Saving model with new best val mAP: 0.323

=== EPOCH 30/89 ===
Learning Rate = 0.0004

TRAIN losses
Total Loss  |Box Loss    |Conf Loss   |No Obj Loss |Class Loss  
------------ ------------ ------------ ------------ ------------
83.743      |13.553      |36.962      |10.633      |2.622       

VAL losses
Total Loss  |Box Loss    |Conf Loss   |No Obj Loss |Class Loss  
------------ ------------ ------------ ------------ ------------
72.510      |16.369      |42.273      |9.388       |4.480       

Saving model with new best validation loss: 72.510

=== EPOCH 31/89 ===
Learning Rate = 0.0004

TRAIN losses
Total Loss  |Box Loss    |Conf Loss   |No Obj Loss |Class Loss  
------------ ------------ ------------ ------------ ------------
83.819      |13.700      |36.657      |10.751      |2.833       

VAL losses
Total Loss  |Box Loss    |Conf Loss   |No Obj Loss |Class Loss  
------------ ------------ ------------ ------------ ------------
70.993      |16.158      |39.758      |11.258      |3.818       

Saving model with new best validation loss: 70.993

=== EPOCH 32/89 ===
Learning Rate = 0.0004

TRAIN losses
Total Loss  |Box Loss    |Conf Loss   |No Obj Loss |Class Loss  
------------ ------------ ------------ ------------ ------------
82.914      |13.671      |36.241      |10.692      |2.514       

VAL losses
Total Loss  |Box Loss    |Conf Loss   |No Obj Loss |Class Loss  
------------ ------------ ------------ ------------ ------------
72.495      |16.421      |41.648      |9.662       |4.763       

=== EPOCH 33/89 ===
Learning Rate = 0.0004

TRAIN losses
Total Loss  |Box Loss    |Conf Loss   |No Obj Loss |Class Loss  
------------ ------------ ------------ ------------ ------------
82.674      |13.340      |36.257      |10.748      |2.611       

VAL losses
Total Loss  |Box Loss    |Conf Loss   |No Obj Loss |Class Loss  
------------ ------------ ------------ ------------ ------------
72.285      |16.286      |40.443      |10.821      |4.736       

=== EPOCH 34/89 ===
Learning Rate = 0.0004

TRAIN losses
Total Loss  |Box Loss    |Conf Loss   |No Obj Loss |Class Loss  
------------ ------------ ------------ ------------ ------------
82.564      |13.561      |36.086      |10.669      |2.599       

VAL losses
Total Loss  |Box Loss    |Conf Loss   |No Obj Loss |Class Loss  
------------ ------------ ------------ ------------ ------------
72.315      |16.334      |40.588      |11.256      |4.136       

Validation mAP: 0.339

Saving model with new best val mAP: 0.339

=== EPOCH 35/89 ===
Learning Rate = 0.00032

TRAIN losses
Total Loss  |Box Loss    |Conf Loss   |No Obj Loss |Class Loss  
------------ ------------ ------------ ------------ ------------
81.564      |13.235      |35.529      |10.601      |2.656       

VAL losses
Total Loss  |Box Loss    |Conf Loss   |No Obj Loss |Class Loss  
------------ ------------ ------------ ------------ ------------
72.068      |16.200      |38.903      |12.161      |4.804       

=== EPOCH 36/89 ===
Learning Rate = 0.00032

TRAIN losses
Total Loss  |Box Loss    |Conf Loss   |No Obj Loss |Class Loss  
------------ ------------ ------------ ------------ ------------
80.590      |12.961      |35.192      |10.519      |2.510       

VAL losses
Total Loss  |Box Loss    |Conf Loss   |No Obj Loss |Class Loss  
------------ ------------ ------------ ------------ ------------
71.440      |15.911      |38.319      |12.890      |4.321       

=== EPOCH 37/89 ===
Learning Rate = 0.00032

TRAIN losses
Total Loss  |Box Loss    |Conf Loss   |No Obj Loss |Class Loss  
------------ ------------ ------------ ------------ ------------
80.256      |12.825      |35.224      |10.474      |2.430       

VAL losses
Total Loss  |Box Loss    |Conf Loss   |No Obj Loss |Class Loss  
------------ ------------ ------------ ------------ ------------
71.720      |16.323      |36.884      |14.534      |3.979       

=== EPOCH 38/89 ===
Learning Rate = 0.00025600000000000004

TRAIN losses
Total Loss  |Box Loss    |Conf Loss   |No Obj Loss |Class Loss  
------------ ------------ ------------ ------------ ------------
79.641      |12.800      |34.628      |10.535      |2.497       

VAL losses
Total Loss  |Box Loss    |Conf Loss   |No Obj Loss |Class Loss  
------------ ------------ ------------ ------------ ------------
70.292      |15.673      |39.622      |10.911      |4.086       

Saving model with new best validation loss: 70.292

=== EPOCH 39/89 ===
Learning Rate = 0.00025600000000000004

TRAIN losses
Total Loss  |Box Loss    |Conf Loss   |No Obj Loss |Class Loss  
------------ ------------ ------------ ------------ ------------
78.988      |12.775      |34.575      |10.270      |2.313       

VAL losses
Total Loss  |Box Loss    |Conf Loss   |No Obj Loss |Class Loss  
------------ ------------ ------------ ------------ ------------
70.256      |15.934      |38.211      |11.709      |4.401       

Validation mAP: 0.336

Saving model with new best validation loss: 70.256

=== EPOCH 40/89 ===
Learning Rate = 0.00025600000000000004

TRAIN losses
Total Loss  |Box Loss    |Conf Loss   |No Obj Loss |Class Loss  
------------ ------------ ------------ ------------ ------------
78.185      |12.458      |33.988      |10.491      |2.297       

VAL losses
Total Loss  |Box Loss    |Conf Loss   |No Obj Loss |Class Loss  
------------ ------------ ------------ ------------ ------------
70.268      |15.365      |39.921      |10.810      |4.173       

=== EPOCH 41/89 ===
Learning Rate = 0.00025600000000000004

TRAIN losses
Total Loss  |Box Loss    |Conf Loss   |No Obj Loss |Class Loss  
------------ ------------ ------------ ------------ ------------
77.839      |12.492      |33.868      |10.334      |2.285       

VAL losses
Total Loss  |Box Loss    |Conf Loss   |No Obj Loss |Class Loss  
------------ ------------ ------------ ------------ ------------
69.923      |15.386      |36.555      |13.662      |4.320       

Saving model with new best validation loss: 69.923

=== EPOCH 42/89 ===
Learning Rate = 0.00025600000000000004

TRAIN losses
Total Loss  |Box Loss    |Conf Loss   |No Obj Loss |Class Loss  
------------ ------------ ------------ ------------ ------------
77.175      |12.373      |33.426      |10.332      |2.269       

VAL losses
Total Loss  |Box Loss    |Conf Loss   |No Obj Loss |Class Loss  
------------ ------------ ------------ ------------ ------------
70.169      |15.485      |38.975      |11.794      |3.914       

=== EPOCH 43/89 ===
Learning Rate = 0.00025600000000000004

TRAIN losses
Total Loss  |Box Loss    |Conf Loss   |No Obj Loss |Class Loss  
------------ ------------ ------------ ------------ ------------
77.421      |12.398      |33.798      |10.211      |2.319       

VAL losses
Total Loss  |Box Loss    |Conf Loss   |No Obj Loss |Class Loss  
------------ ------------ ------------ ------------ ------------
71.142      |15.828      |39.598      |11.089      |4.628       

=== EPOCH 44/89 ===
Learning Rate = 0.00025600000000000004

TRAIN losses
Total Loss  |Box Loss    |Conf Loss   |No Obj Loss |Class Loss  
------------ ------------ ------------ ------------ ------------
77.292      |12.310      |33.706      |10.409      |2.239       

Train mAP: 0.455

VAL losses
Total Loss  |Box Loss    |Conf Loss   |No Obj Loss |Class Loss  
------------ ------------ ------------ ------------ ------------
72.087      |15.700      |38.822      |12.837      |4.727       

Validation mAP: 0.372

Saving model with new best val mAP: 0.372

=== EPOCH 45/89 ===
Learning Rate = 0.00020480000000000004

TRAIN losses
Total Loss  |Box Loss    |Conf Loss   |No Obj Loss |Class Loss  
------------ ------------ ------------ ------------ ------------
76.316      |12.310      |32.968      |10.288      |2.206       

VAL losses
Total Loss  |Box Loss    |Conf Loss   |No Obj Loss |Class Loss  
------------ ------------ ------------ ------------ ------------
70.250      |15.268      |40.958      |9.902       |4.122       

=== EPOCH 46/89 ===
Learning Rate = 0.00020480000000000004

TRAIN losses
Total Loss  |Box Loss    |Conf Loss   |No Obj Loss |Class Loss  
------------ ------------ ------------ ------------ ------------
75.809      |12.041      |33.115      |10.005      |2.196       

VAL losses
Total Loss  |Box Loss    |Conf Loss   |No Obj Loss |Class Loss  
------------ ------------ ------------ ------------ ------------
70.996      |15.672      |37.170      |13.668      |4.485       

=== EPOCH 47/89 ===
Learning Rate = 0.00020480000000000004

TRAIN losses
Total Loss  |Box Loss    |Conf Loss   |No Obj Loss |Class Loss  
------------ ------------ ------------ ------------ ------------
75.015      |11.935      |32.602      |10.012      |2.096       

VAL losses
Total Loss  |Box Loss    |Conf Loss   |No Obj Loss |Class Loss  
------------ ------------ ------------ ------------ ------------
69.842      |15.039      |39.758      |10.567      |4.477       

Saving model with new best validation loss: 69.842

=== EPOCH 48/89 ===
Learning Rate = 0.00016384000000000006

TRAIN losses
Total Loss  |Box Loss    |Conf Loss   |No Obj Loss |Class Loss  
------------ ------------ ------------ ------------ ------------
74.244      |11.697      |32.225      |10.130      |1.905       

VAL losses
Total Loss  |Box Loss    |Conf Loss   |No Obj Loss |Class Loss  
------------ ------------ ------------ ------------ ------------
69.574      |15.672      |39.765      |10.261      |3.875       

Saving model with new best validation loss: 69.574

=== EPOCH 49/89 ===
Learning Rate = 0.00016384000000000006

TRAIN losses
Total Loss  |Box Loss    |Conf Loss   |No Obj Loss |Class Loss  
------------ ------------ ------------ ------------ ------------
74.218      |11.802      |32.202      |10.102      |1.907       

VAL losses
Total Loss  |Box Loss    |Conf Loss   |No Obj Loss |Class Loss  
------------ ------------ ------------ ------------ ------------
69.082      |15.051      |38.631      |11.307      |4.094       

Validation mAP: 0.371

Saving model with new best validation loss: 69.082

=== EPOCH 50/89 ===
Learning Rate = 0.00016384000000000006

TRAIN losses
Total Loss  |Box Loss    |Conf Loss   |No Obj Loss |Class Loss  
------------ ------------ ------------ ------------ ------------
74.311      |11.807      |32.293      |10.037      |2.040       

VAL losses
Total Loss  |Box Loss    |Conf Loss   |No Obj Loss |Class Loss  
------------ ------------ ------------ ------------ ------------
69.662      |15.405      |39.650      |10.182      |4.425       

=== EPOCH 51/89 ===
Learning Rate = 0.00016384000000000006

TRAIN losses
Total Loss  |Box Loss    |Conf Loss   |No Obj Loss |Class Loss  
------------ ------------ ------------ ------------ ------------
73.696      |11.733      |31.901      |10.006      |1.989       

VAL losses
Total Loss  |Box Loss    |Conf Loss   |No Obj Loss |Class Loss  
------------ ------------ ------------ ------------ ------------
69.442      |15.251      |38.878      |11.406      |3.907       

=== EPOCH 52/89 ===
Learning Rate = 0.00016384000000000006

TRAIN losses
Total Loss  |Box Loss    |Conf Loss   |No Obj Loss |Class Loss  
------------ ------------ ------------ ------------ ------------
73.742      |11.721      |32.000      |9.990       |2.024       

VAL losses
Total Loss  |Box Loss    |Conf Loss   |No Obj Loss |Class Loss  
------------ ------------ ------------ ------------ ------------
69.646      |15.198      |39.353      |11.094      |4.001       

=== EPOCH 53/89 ===
Learning Rate = 0.00013107200000000006

TRAIN losses
Total Loss  |Box Loss    |Conf Loss   |No Obj Loss |Class Loss  
------------ ------------ ------------ ------------ ------------
72.582      |11.534      |31.268      |9.968       |1.871       

VAL losses
Total Loss  |Box Loss    |Conf Loss   |No Obj Loss |Class Loss  
------------ ------------ ------------ ------------ ------------
69.425      |15.466      |37.773      |12.270      |3.916       

=== EPOCH 54/89 ===
Learning Rate = 0.00013107200000000006

TRAIN losses
Total Loss  |Box Loss    |Conf Loss   |No Obj Loss |Class Loss  
------------ ------------ ------------ ------------ ------------
72.663      |11.283      |31.595      |9.983       |1.930       

VAL losses
Total Loss  |Box Loss    |Conf Loss   |No Obj Loss |Class Loss  
------------ ------------ ------------ ------------ ------------
69.470      |15.089      |40.974      |9.153       |4.254       

Validation mAP: 0.381

Saving model with new best val mAP: 0.381

=== EPOCH 55/89 ===
Learning Rate = 0.00013107200000000006

TRAIN losses
Total Loss  |Box Loss    |Conf Loss   |No Obj Loss |Class Loss  
------------ ------------ ------------ ------------ ------------
72.257      |11.423      |31.099      |9.929       |1.995       

VAL losses
Total Loss  |Box Loss    |Conf Loss   |No Obj Loss |Class Loss  
------------ ------------ ------------ ------------ ------------
68.514      |15.030      |39.583      |10.054      |3.847       

Saving model with new best validation loss: 68.514

=== EPOCH 56/89 ===
Learning Rate = 0.00013107200000000006

TRAIN losses
Total Loss  |Box Loss    |Conf Loss   |No Obj Loss |Class Loss  
------------ ------------ ------------ ------------ ------------
71.752      |11.290      |30.973      |9.873       |1.860       

VAL losses
Total Loss  |Box Loss    |Conf Loss   |No Obj Loss |Class Loss  
------------ ------------ ------------ ------------ ------------
69.554      |15.138      |38.991      |11.024      |4.401       

=== EPOCH 57/89 ===
Learning Rate = 0.00013107200000000006

TRAIN losses
Total Loss  |Box Loss    |Conf Loss   |No Obj Loss |Class Loss  
------------ ------------ ------------ ------------ ------------
71.908      |11.466      |31.090      |9.789       |1.860       

VAL losses
Total Loss  |Box Loss    |Conf Loss   |No Obj Loss |Class Loss  
------------ ------------ ------------ ------------ ------------
68.932      |15.006      |40.518      |9.609       |3.799       

=== EPOCH 58/89 ===
Learning Rate = 0.00013107200000000006

TRAIN losses
Total Loss  |Box Loss    |Conf Loss   |No Obj Loss |Class Loss  
------------ ------------ ------------ ------------ ------------
71.433      |11.340      |31.067      |9.580       |1.792       

VAL losses
Total Loss  |Box Loss    |Conf Loss   |No Obj Loss |Class Loss  
------------ ------------ ------------ ------------ ------------
69.635      |15.132      |38.809      |11.211      |4.483       

=== EPOCH 59/89 ===
Learning Rate = 0.00010485760000000006

TRAIN losses
Total Loss  |Box Loss    |Conf Loss   |No Obj Loss |Class Loss  
------------ ------------ ------------ ------------ ------------
70.713      |11.119      |30.493      |9.669       |1.828       

Train mAP: 0.488

VAL losses
Total Loss  |Box Loss    |Conf Loss   |No Obj Loss |Class Loss  
------------ ------------ ------------ ------------ ------------
68.640      |15.235      |38.496      |10.880      |4.030       

Validation mAP: 0.375

=== EPOCH 60/89 ===
Learning Rate = 0.00010485760000000006

TRAIN losses
Total Loss  |Box Loss    |Conf Loss   |No Obj Loss |Class Loss  
------------ ------------ ------------ ------------ ------------
69.766      |11.104      |29.951      |9.419       |1.739       

VAL losses
Total Loss  |Box Loss    |Conf Loss   |No Obj Loss |Class Loss  
------------ ------------ ------------ ------------ ------------
69.256      |15.104      |39.064      |10.861      |4.226       

=== EPOCH 61/89 ===
Learning Rate = 0.00010485760000000006

TRAIN losses
Total Loss  |Box Loss    |Conf Loss   |No Obj Loss |Class Loss  
------------ ------------ ------------ ------------ ------------
70.024      |11.015      |30.240      |9.558       |1.705       

VAL losses
Total Loss  |Box Loss    |Conf Loss   |No Obj Loss |Class Loss  
------------ ------------ ------------ ------------ ------------
69.199      |15.191      |39.341      |10.494      |4.174       

=== EPOCH 62/89 ===
Learning Rate = 8.388608000000005e-05

TRAIN losses
Total Loss  |Box Loss    |Conf Loss   |No Obj Loss |Class Loss  
------------ ------------ ------------ ------------ ------------
69.788      |11.006      |30.120      |9.391       |1.810       

VAL losses
Total Loss  |Box Loss    |Conf Loss   |No Obj Loss |Class Loss  
------------ ------------ ------------ ------------ ------------
68.945      |15.254      |38.898      |10.580      |4.213       

=== EPOCH 63/89 ===
Learning Rate = 8.388608000000005e-05

TRAIN losses
Total Loss  |Box Loss    |Conf Loss   |No Obj Loss |Class Loss  
------------ ------------ ------------ ------------ ------------
69.872      |11.100      |29.890      |9.675       |1.792       

VAL losses
Total Loss  |Box Loss    |Conf Loss   |No Obj Loss |Class Loss  
------------ ------------ ------------ ------------ ------------
69.306      |15.178      |37.405      |12.495      |4.229       

=== EPOCH 64/89 ===
Learning Rate = 8.388608000000005e-05

TRAIN losses
Total Loss  |Box Loss    |Conf Loss   |No Obj Loss |Class Loss  
------------ ------------ ------------ ------------ ------------
69.764      |11.198      |30.025      |9.463       |1.703       

VAL losses
Total Loss  |Box Loss    |Conf Loss   |No Obj Loss |Class Loss  
------------ ------------ ------------ ------------ ------------
68.418      |14.988      |38.683      |10.621      |4.126       

Validation mAP: 0.385

Saving model with new best val mAP: 0.385

Saving model with new best validation loss: 68.418

=== EPOCH 65/89 ===
Learning Rate = 6.710886400000004e-05

TRAIN losses
Total Loss  |Box Loss    |Conf Loss   |No Obj Loss |Class Loss  
------------ ------------ ------------ ------------ ------------
69.136      |10.770      |29.690      |9.564       |1.777       

VAL losses
Total Loss  |Box Loss    |Conf Loss   |No Obj Loss |Class Loss  
------------ ------------ ------------ ------------ ------------
68.348      |14.933      |37.332      |11.737      |4.345       

Saving model with new best validation loss: 68.348

=== EPOCH 66/89 ===
Learning Rate = 6.710886400000004e-05

TRAIN losses
Total Loss  |Box Loss    |Conf Loss   |No Obj Loss |Class Loss  
------------ ------------ ------------ ------------ ------------
69.029      |10.884      |29.781      |9.331       |1.738       

VAL losses
Total Loss  |Box Loss    |Conf Loss   |No Obj Loss |Class Loss  
------------ ------------ ------------ ------------ ------------
68.768      |14.961      |37.940      |11.736      |4.131       

=== EPOCH 67/89 ===
Learning Rate = 6.710886400000004e-05

TRAIN losses
Total Loss  |Box Loss    |Conf Loss   |No Obj Loss |Class Loss  
------------ ------------ ------------ ------------ ------------
68.617      |10.845      |29.425      |9.243       |1.846       

VAL losses
Total Loss  |Box Loss    |Conf Loss   |No Obj Loss |Class Loss  
------------ ------------ ------------ ------------ ------------
68.789      |15.111      |37.526      |11.997      |4.156       

=== EPOCH 68/89 ===
Learning Rate = 6.710886400000004e-05

TRAIN losses
Total Loss  |Box Loss    |Conf Loss   |No Obj Loss |Class Loss  
------------ ------------ ------------ ------------ ------------
68.516      |10.724      |29.488      |9.388       |1.690       

VAL losses
Total Loss  |Box Loss    |Conf Loss   |No Obj Loss |Class Loss  
------------ ------------ ------------ ------------ ------------
68.611      |15.024      |38.365      |10.965      |4.257       

=== EPOCH 69/89 ===
Learning Rate = 5.3687091200000036e-05

TRAIN losses
Total Loss  |Box Loss    |Conf Loss   |No Obj Loss |Class Loss  
------------ ------------ ------------ ------------ ------------
67.875      |10.729      |28.984      |9.243       |1.727       

VAL losses
Total Loss  |Box Loss    |Conf Loss   |No Obj Loss |Class Loss  
------------ ------------ ------------ ------------ ------------
69.134      |15.172      |38.738      |10.918      |4.306       

Validation mAP: 0.395

Saving model with new best val mAP: 0.395

=== EPOCH 70/89 ===
Learning Rate = 5.3687091200000036e-05

TRAIN losses
Total Loss  |Box Loss    |Conf Loss   |No Obj Loss |Class Loss  
------------ ------------ ------------ ------------ ------------
67.905      |10.779      |28.966      |9.340       |1.658       

VAL losses
Total Loss  |Box Loss    |Conf Loss   |No Obj Loss |Class Loss  
------------ ------------ ------------ ------------ ------------
69.646      |15.093      |39.212      |11.032      |4.309       

=== EPOCH 71/89 ===
Learning Rate = 5.3687091200000036e-05

TRAIN losses
Total Loss  |Box Loss    |Conf Loss   |No Obj Loss |Class Loss  
------------ ------------ ------------ ------------ ------------
67.527      |10.591      |28.966      |9.190       |1.650       

VAL losses
Total Loss  |Box Loss    |Conf Loss   |No Obj Loss |Class Loss  
------------ ------------ ------------ ------------ ------------
68.837      |15.048      |38.717      |10.909      |4.163       

=== EPOCH 72/89 ===
Learning Rate = 4.2949672960000034e-05

TRAIN losses
Total Loss  |Box Loss    |Conf Loss   |No Obj Loss |Class Loss  
------------ ------------ ------------ ------------ ------------
67.500      |10.698      |28.625      |9.383       |1.691       

VAL losses
Total Loss  |Box Loss    |Conf Loss   |No Obj Loss |Class Loss  
------------ ------------ ------------ ------------ ------------
68.854      |14.913      |39.112      |10.617      |4.212       

=== EPOCH 73/89 ===
Learning Rate = 4.2949672960000034e-05

TRAIN losses
Total Loss  |Box Loss    |Conf Loss   |No Obj Loss |Class Loss  
------------ ------------ ------------ ------------ ------------
67.269      |10.644      |28.786      |9.130       |1.633       

VAL losses
Total Loss  |Box Loss    |Conf Loss   |No Obj Loss |Class Loss  
------------ ------------ ------------ ------------ ------------
68.530      |14.851      |38.484      |10.974      |4.221       

=== EPOCH 74/89 ===
Learning Rate = 4.2949672960000034e-05

TRAIN losses
Total Loss  |Box Loss    |Conf Loss   |No Obj Loss |Class Loss  
------------ ------------ ------------ ------------ ------------
66.791      |10.674      |28.429      |8.994       |1.643       

Train mAP: 0.516

VAL losses
Total Loss  |Box Loss    |Conf Loss   |No Obj Loss |Class Loss  
------------ ------------ ------------ ------------ ------------
68.874      |14.936      |38.666      |10.967      |4.304       

Validation mAP: 0.394

=== EPOCH 75/89 ===
Learning Rate = 3.435973836800003e-05

TRAIN losses
Total Loss  |Box Loss    |Conf Loss   |No Obj Loss |Class Loss  
------------ ------------ ------------ ------------ ------------
66.927      |10.666      |28.578      |9.154       |1.502       

VAL losses
Total Loss  |Box Loss    |Conf Loss   |No Obj Loss |Class Loss  
------------ ------------ ------------ ------------ ------------
68.976      |14.980      |39.648      |10.076      |4.272       

=== EPOCH 76/89 ===
Learning Rate = 3.435973836800003e-05

TRAIN losses
Total Loss  |Box Loss    |Conf Loss   |No Obj Loss |Class Loss  
------------ ------------ ------------ ------------ ------------
67.210      |10.460      |28.803      |9.259       |1.684       

VAL losses
Total Loss  |Box Loss    |Conf Loss   |No Obj Loss |Class Loss  
------------ ------------ ------------ ------------ ------------
68.505      |14.849      |38.060      |11.434      |4.162       

=== EPOCH 77/89 ===
Learning Rate = 3.435973836800003e-05

TRAIN losses
Total Loss  |Box Loss    |Conf Loss   |No Obj Loss |Class Loss  
------------ ------------ ------------ ------------ ------------
66.626      |10.511      |28.446      |9.055       |1.631       

VAL losses
Total Loss  |Box Loss    |Conf Loss   |No Obj Loss |Class Loss  
------------ ------------ ------------ ------------ ------------
68.901      |15.029      |38.668      |11.098      |4.107       

=== EPOCH 78/89 ===
Learning Rate = 2.7487790694400027e-05

TRAIN losses
Total Loss  |Box Loss    |Conf Loss   |No Obj Loss |Class Loss  
------------ ------------ ------------ ------------ ------------
66.561      |10.510      |28.464      |9.007       |1.617       

VAL losses
Total Loss  |Box Loss    |Conf Loss   |No Obj Loss |Class Loss  
------------ ------------ ------------ ------------ ------------
68.657      |14.996      |38.706      |10.834      |4.120       

=== EPOCH 79/89 ===
Learning Rate = 2.7487790694400027e-05

TRAIN losses
Total Loss  |Box Loss    |Conf Loss   |No Obj Loss |Class Loss  
------------ ------------ ------------ ------------ ------------
66.681      |10.593      |28.479      |9.070       |1.594       

VAL losses
Total Loss  |Box Loss    |Conf Loss   |No Obj Loss |Class Loss  
------------ ------------ ------------ ------------ ------------
68.748      |14.974      |38.404      |11.153      |4.218       

Validation mAP: 0.395

Saving model with new best val mAP: 0.395

=== EPOCH 80/89 ===
Learning Rate = 2.7487790694400027e-05

TRAIN losses
Total Loss  |Box Loss    |Conf Loss   |No Obj Loss |Class Loss  
------------ ------------ ------------ ------------ ------------
66.455      |10.658      |28.327      |8.861       |1.682       

VAL losses
Total Loss  |Box Loss    |Conf Loss   |No Obj Loss |Class Loss  
------------ ------------ ------------ ------------ ------------
68.705      |14.955      |38.484      |11.223      |4.043       

=== EPOCH 81/89 ===
Learning Rate = 2.1990232555520022e-05

TRAIN losses
Total Loss  |Box Loss    |Conf Loss   |No Obj Loss |Class Loss  
------------ ------------ ------------ ------------ ------------
65.894      |10.546      |27.956      |8.954       |1.525       

VAL losses
Total Loss  |Box Loss    |Conf Loss   |No Obj Loss |Class Loss  
------------ ------------ ------------ ------------ ------------
69.070      |14.925      |39.301      |10.526      |4.317       

=== EPOCH 82/89 ===
Learning Rate = 2.1990232555520022e-05

TRAIN losses
Total Loss  |Box Loss    |Conf Loss   |No Obj Loss |Class Loss  
------------ ------------ ------------ ------------ ------------
65.618      |10.355      |27.840      |8.984       |1.542       

VAL losses
Total Loss  |Box Loss    |Conf Loss   |No Obj Loss |Class Loss  
------------ ------------ ------------ ------------ ------------
68.840      |14.802      |38.796      |10.921      |4.320       

=== EPOCH 83/89 ===
Learning Rate = 2.1990232555520022e-05

TRAIN losses
Total Loss  |Box Loss    |Conf Loss   |No Obj Loss |Class Loss  
------------ ------------ ------------ ------------ ------------
65.870      |10.565      |27.885      |8.907       |1.630       

VAL losses
Total Loss  |Box Loss    |Conf Loss   |No Obj Loss |Class Loss  
------------ ------------ ------------ ------------ ------------
68.944      |14.870      |37.906      |12.004      |4.164       

=== EPOCH 84/89 ===
Learning Rate = 1.7592186044416018e-05

TRAIN losses
Total Loss  |Box Loss    |Conf Loss   |No Obj Loss |Class Loss  
------------ ------------ ------------ ------------ ------------
65.947      |10.573      |27.994      |8.912       |1.598       

VAL losses
Total Loss  |Box Loss    |Conf Loss   |No Obj Loss |Class Loss  
------------ ------------ ------------ ------------ ------------
68.804      |14.893      |38.405      |11.216      |4.291       

Validation mAP: 0.398

Saving model with new best val mAP: 0.398

=== EPOCH 85/89 ===
Learning Rate = 1.7592186044416018e-05

TRAIN losses
Total Loss  |Box Loss    |Conf Loss   |No Obj Loss |Class Loss  
------------ ------------ ------------ ------------ ------------
65.847      |10.349      |28.261      |8.830       |1.549       

VAL losses
Total Loss  |Box Loss    |Conf Loss   |No Obj Loss |Class Loss  
------------ ------------ ------------ ------------ ------------
68.665      |14.804      |37.744      |11.916      |4.201       

=== EPOCH 86/89 ===
Learning Rate = 1.7592186044416018e-05

TRAIN losses
Total Loss  |Box Loss    |Conf Loss   |No Obj Loss |Class Loss  
------------ ------------ ------------ ------------ ------------
65.430      |10.387      |27.751      |8.912       |1.535       

VAL losses
Total Loss  |Box Loss    |Conf Loss   |No Obj Loss |Class Loss  
------------ ------------ ------------ ------------ ------------
68.616      |14.829      |38.782      |10.878      |4.127       

=== EPOCH 87/89 ===
Learning Rate = 1.4073748835532815e-05

TRAIN losses
Total Loss  |Box Loss    |Conf Loss   |No Obj Loss |Class Loss  
------------ ------------ ------------ ------------ ------------
65.820      |10.474      |28.115      |8.877       |1.520       

VAL losses
Total Loss  |Box Loss    |Conf Loss   |No Obj Loss |Class Loss  
------------ ------------ ------------ ------------ ------------
68.690      |14.945      |37.906      |11.826      |4.013       

=== EPOCH 88/89 ===
Learning Rate = 1.4073748835532815e-05

TRAIN losses
Total Loss  |Box Loss    |Conf Loss   |No Obj Loss |Class Loss  
------------ ------------ ------------ ------------ ------------
66.041      |10.524      |28.104      |8.907       |1.682       

VAL losses
Total Loss  |Box Loss    |Conf Loss   |No Obj Loss |Class Loss  
------------ ------------ ------------ ------------ ------------
68.738      |14.904      |38.747      |11.005      |4.082       

=== EPOCH 89/89 ===
Learning Rate = 1.4073748835532815e-05

TRAIN losses
Total Loss  |Box Loss    |Conf Loss   |No Obj Loss |Class Loss  
------------ ------------ ------------ ------------ ------------
65.423      |10.306      |27.936      |8.801       |1.565       

Train mAP: 0.538

VAL losses
Total Loss  |Box Loss    |Conf Loss   |No Obj Loss |Class Loss  
------------ ------------ ------------ ------------ ------------
68.720      |14.940      |37.844      |11.906      |4.031       

Validation mAP: 0.406

Saving model with new best val mAP: 0.406
Saving last model

***Script finished: 14:26:48

Time elapsed: 4:18:08.216165
